                              1 ;--------------------------------------------------------
                              2 ; File Created by SDCC : free open source ANSI-C Compiler
                              3 ; Version 3.6.8 #9946 (Mac OS X x86_64)
                              4 ;--------------------------------------------------------
                              5 	.module bird
                              6 	.optsdcc -mz80
                              7 	
                              8 ;--------------------------------------------------------
                              9 ; Public variables in this module
                             10 ;--------------------------------------------------------
                             11 	.globl _g_bird
                             12 ;--------------------------------------------------------
                             13 ; special function registers
                             14 ;--------------------------------------------------------
                             15 ;--------------------------------------------------------
                             16 ; ram data
                             17 ;--------------------------------------------------------
                             18 	.area _DATA
                             19 ;--------------------------------------------------------
                             20 ; ram data
                             21 ;--------------------------------------------------------
                             22 	.area _INITIALIZED
                             23 ;--------------------------------------------------------
                             24 ; absolute external ram data
                             25 ;--------------------------------------------------------
                             26 	.area _DABS (ABS)
                             27 ;--------------------------------------------------------
                             28 ; global & static initialisations
                             29 ;--------------------------------------------------------
                             30 	.area _HOME
                             31 	.area _GSINIT
                             32 	.area _GSFINAL
                             33 	.area _GSINIT
                             34 ;--------------------------------------------------------
                             35 ; Home
                             36 ;--------------------------------------------------------
                             37 	.area _HOME
                             38 	.area _HOME
                             39 ;--------------------------------------------------------
                             40 ; code
                             41 ;--------------------------------------------------------
                             42 	.area _CODE
                             43 	.area _CODE
   0000                      44 _g_bird:
   0000 00                   45 	.db #0x00	; 0
   0001 00                   46 	.db #0x00	; 0
   0002 00                   47 	.db #0x00	; 0
   0003 33                   48 	.db #0x33	; 51	'3'
   0004 33                   49 	.db #0x33	; 51	'3'
   0005 33                   50 	.db #0x33	; 51	'3'
   0006 00                   51 	.db #0x00	; 0
   0007 00                   52 	.db #0x00	; 0
   0008 00                   53 	.db #0x00	; 0
   0009 00                   54 	.db #0x00	; 0
   000A 00                   55 	.db #0x00	; 0
   000B 00                   56 	.db #0x00	; 0
   000C 00                   57 	.db #0x00	; 0
   000D 33                   58 	.db #0x33	; 51	'3'
   000E 33                   59 	.db #0x33	; 51	'3'
   000F 00                   60 	.db #0x00	; 0
   0010 00                   61 	.db #0x00	; 0
   0011 33                   62 	.db #0x33	; 51	'3'
   0012 33                   63 	.db #0x33	; 51	'3'
   0013 FF                   64 	.db #0xff	; 255
   0014 33                   65 	.db #0x33	; 51	'3'
   0015 33                   66 	.db #0x33	; 51	'3'
   0016 33                   67 	.db #0x33	; 51	'3'
   0017 33                   68 	.db #0x33	; 51	'3'
   0018 33                   69 	.db #0x33	; 51	'3'
   0019 33                   70 	.db #0x33	; 51	'3'
   001A 00                   71 	.db #0x00	; 0
   001B 33                   72 	.db #0x33	; 51	'3'
   001C 00                   73 	.db #0x00	; 0
   001D 00                   74 	.db #0x00	; 0
   001E 00                   75 	.db #0x00	; 0
   001F 00                   76 	.db #0x00	; 0
   0020 33                   77 	.db #0x33	; 51	'3'
   0021 33                   78 	.db #0x33	; 51	'3'
   0022 FF                   79 	.db #0xff	; 255
   0023 33                   80 	.db #0x33	; 51	'3'
   0024 33                   81 	.db #0x33	; 51	'3'
   0025 33                   82 	.db #0x33	; 51	'3'
   0026 33                   83 	.db #0x33	; 51	'3'
   0027 33                   84 	.db #0x33	; 51	'3'
   0028 33                   85 	.db #0x33	; 51	'3'
   0029 33                   86 	.db #0x33	; 51	'3'
   002A 33                   87 	.db #0x33	; 51	'3'
   002B 33                   88 	.db #0x33	; 51	'3'
   002C 33                   89 	.db #0x33	; 51	'3'
   002D 00                   90 	.db #0x00	; 0
   002E F0                   91 	.db #0xf0	; 240
   002F F0                   92 	.db #0xf0	; 240
   0030 33                   93 	.db #0x33	; 51	'3'
   0031 33                   94 	.db #0x33	; 51	'3'
   0032 33                   95 	.db #0x33	; 51	'3'
   0033 33                   96 	.db #0x33	; 51	'3'
   0034 33                   97 	.db #0x33	; 51	'3'
   0035 33                   98 	.db #0x33	; 51	'3'
   0036 33                   99 	.db #0x33	; 51	'3'
   0037 33                  100 	.db #0x33	; 51	'3'
   0038 33                  101 	.db #0x33	; 51	'3'
   0039 33                  102 	.db #0x33	; 51	'3'
   003A 33                  103 	.db #0x33	; 51	'3'
   003B 00                  104 	.db #0x00	; 0
   003C 00                  105 	.db #0x00	; 0
   003D F0                  106 	.db #0xf0	; 240
   003E F0                  107 	.db #0xf0	; 240
   003F F0                  108 	.db #0xf0	; 240
   0040 33                  109 	.db #0x33	; 51	'3'
   0041 33                  110 	.db #0x33	; 51	'3'
   0042 33                  111 	.db #0x33	; 51	'3'
   0043 33                  112 	.db #0x33	; 51	'3'
   0044 33                  113 	.db #0x33	; 51	'3'
   0045 FF                  114 	.db #0xff	; 255
   0046 33                  115 	.db #0x33	; 51	'3'
   0047 33                  116 	.db #0x33	; 51	'3'
   0048 33                  117 	.db #0x33	; 51	'3'
   0049 33                  118 	.db #0x33	; 51	'3'
   004A 33                  119 	.db #0x33	; 51	'3'
   004B F0                  120 	.db #0xf0	; 240
   004C F0                  121 	.db #0xf0	; 240
   004D F0                  122 	.db #0xf0	; 240
   004E F0                  123 	.db #0xf0	; 240
   004F 33                  124 	.db #0x33	; 51	'3'
   0050 33                  125 	.db #0x33	; 51	'3'
   0051 33                  126 	.db #0x33	; 51	'3'
   0052 33                  127 	.db #0x33	; 51	'3'
   0053 FF                  128 	.db #0xff	; 255
   0054 33                  129 	.db #0x33	; 51	'3'
   0055 33                  130 	.db #0x33	; 51	'3'
   0056 33                  131 	.db #0x33	; 51	'3'
   0057 33                  132 	.db #0x33	; 51	'3'
   0058 00                  133 	.db #0x00	; 0
   0059 00                  134 	.db #0x00	; 0
   005A F0                  135 	.db #0xf0	; 240
   005B F0                  136 	.db #0xf0	; 240
   005C F0                  137 	.db #0xf0	; 240
   005D 00                  138 	.db #0x00	; 0
   005E 00                  139 	.db #0x00	; 0
   005F 00                  140 	.db #0x00	; 0
   0060 33                  141 	.db #0x33	; 51	'3'
   0061 33                  142 	.db #0x33	; 51	'3'
   0062 33                  143 	.db #0x33	; 51	'3'
   0063 33                  144 	.db #0x33	; 51	'3'
   0064 33                  145 	.db #0x33	; 51	'3'
   0065 33                  146 	.db #0x33	; 51	'3'
   0066 F0                  147 	.db #0xf0	; 240
   0067 00                  148 	.db #0x00	; 0
   0068 00                  149 	.db #0x00	; 0
   0069 F0                  150 	.db #0xf0	; 240
   006A F0                  151 	.db #0xf0	; 240
   006B 00                  152 	.db #0x00	; 0
   006C 00                  153 	.db #0x00	; 0
   006D 00                  154 	.db #0x00	; 0
   006E 33                  155 	.db #0x33	; 51	'3'
   006F 00                  156 	.db #0x00	; 0
   0070 33                  157 	.db #0x33	; 51	'3'
   0071 33                  158 	.db #0x33	; 51	'3'
   0072 33                  159 	.db #0x33	; 51	'3'
   0073 FF                  160 	.db #0xff	; 255
   0074 00                  161 	.db #0x00	; 0
   0075 00                  162 	.db #0x00	; 0
   0076 F0                  163 	.db #0xf0	; 240
   0077 F0                  164 	.db #0xf0	; 240
   0078 F0                  165 	.db #0xf0	; 240
   0079 00                  166 	.db #0x00	; 0
   007A 00                  167 	.db #0x00	; 0
   007B 00                  168 	.db #0x00	; 0
   007C 00                  169 	.db #0x00	; 0
   007D 33                  170 	.db #0x33	; 51	'3'
   007E 33                  171 	.db #0x33	; 51	'3'
   007F 00                  172 	.db #0x00	; 0
   0080 33                  173 	.db #0x33	; 51	'3'
   0081 FF                  174 	.db #0xff	; 255
   0082 33                  175 	.db #0x33	; 51	'3'
   0083 FF                  176 	.db #0xff	; 255
   0084 00                  177 	.db #0x00	; 0
   0085 00                  178 	.db #0x00	; 0
   0086 F0                  179 	.db #0xf0	; 240
   0087 00                  180 	.db #0x00	; 0
   0088 00                  181 	.db #0x00	; 0
   0089 00                  182 	.db #0x00	; 0
   008A 00                  183 	.db #0x00	; 0
   008B 00                  184 	.db #0x00	; 0
   008C 33                  185 	.db #0x33	; 51	'3'
   008D 33                  186 	.db #0x33	; 51	'3'
   008E 00                  187 	.db #0x00	; 0
   008F 33                  188 	.db #0x33	; 51	'3'
   0090 33                  189 	.db #0x33	; 51	'3'
   0091 FF                  190 	.db #0xff	; 255
   0092 33                  191 	.db #0x33	; 51	'3'
   0093 FF                  192 	.db #0xff	; 255
   0094 00                  193 	.db #0x00	; 0
   0095 F0                  194 	.db #0xf0	; 240
   0096 00                  195 	.db #0x00	; 0
   0097 00                  196 	.db #0x00	; 0
   0098 00                  197 	.db #0x00	; 0
   0099 00                  198 	.db #0x00	; 0
   009A 00                  199 	.db #0x00	; 0
   009B 00                  200 	.db #0x00	; 0
   009C 33                  201 	.db #0x33	; 51	'3'
   009D 33                  202 	.db #0x33	; 51	'3'
   009E 00                  203 	.db #0x00	; 0
   009F 33                  204 	.db #0x33	; 51	'3'
   00A0 33                  205 	.db #0x33	; 51	'3'
   00A1 33                  206 	.db #0x33	; 51	'3'
   00A2 33                  207 	.db #0x33	; 51	'3'
   00A3 FF                  208 	.db #0xff	; 255
   00A4 00                  209 	.db #0x00	; 0
   00A5 00                  210 	.db #0x00	; 0
   00A6 00                  211 	.db #0x00	; 0
   00A7 00                  212 	.db #0x00	; 0
   00A8 00                  213 	.db #0x00	; 0
   00A9 00                  214 	.db #0x00	; 0
   00AA 00                  215 	.db #0x00	; 0
   00AB 33                  216 	.db #0x33	; 51	'3'
   00AC 33                  217 	.db #0x33	; 51	'3'
   00AD 00                  218 	.db #0x00	; 0
   00AE 33                  219 	.db #0x33	; 51	'3'
   00AF 33                  220 	.db #0x33	; 51	'3'
   00B0 33                  221 	.db #0x33	; 51	'3'
   00B1 FF                  222 	.db #0xff	; 255
   00B2 33                  223 	.db #0x33	; 51	'3'
   00B3 00                  224 	.db #0x00	; 0
   00B4 00                  225 	.db #0x00	; 0
   00B5 00                  226 	.db #0x00	; 0
   00B6 00                  227 	.db #0x00	; 0
   00B7 00                  228 	.db #0x00	; 0
   00B8 00                  229 	.db #0x00	; 0
   00B9 00                  230 	.db #0x00	; 0
   00BA 00                  231 	.db #0x00	; 0
   00BB 33                  232 	.db #0x33	; 51	'3'
   00BC FF                  233 	.db #0xff	; 255
   00BD 00                  234 	.db #0x00	; 0
   00BE 33                  235 	.db #0x33	; 51	'3'
   00BF 33                  236 	.db #0x33	; 51	'3'
   00C0 00                  237 	.db #0x00	; 0
   00C1 33                  238 	.db #0x33	; 51	'3'
   00C2 FF                  239 	.db #0xff	; 255
   00C3 00                  240 	.db #0x00	; 0
   00C4 00                  241 	.db #0x00	; 0
   00C5 00                  242 	.db #0x00	; 0
   00C6 00                  243 	.db #0x00	; 0
   00C7 00                  244 	.db #0x00	; 0
   00C8 00                  245 	.db #0x00	; 0
   00C9 00                  246 	.db #0x00	; 0
   00CA 00                  247 	.db #0x00	; 0
   00CB 00                  248 	.db #0x00	; 0
   00CC 00                  249 	.db #0x00	; 0
   00CD 00                  250 	.db #0x00	; 0
   00CE 33                  251 	.db #0x33	; 51	'3'
   00CF 33                  252 	.db #0x33	; 51	'3'
   00D0 33                  253 	.db #0x33	; 51	'3'
   00D1 00                  254 	.db #0x00	; 0
   00D2 00                  255 	.db #0x00	; 0
   00D3 00                  256 	.db #0x00	; 0
   00D4 00                  257 	.db #0x00	; 0
   00D5 00                  258 	.db #0x00	; 0
   00D6 00                  259 	.db #0x00	; 0
   00D7 00                  260 	.db #0x00	; 0
   00D8 00                  261 	.db #0x00	; 0
   00D9 00                  262 	.db #0x00	; 0
   00DA 00                  263 	.db #0x00	; 0
   00DB 00                  264 	.db #0x00	; 0
   00DC 00                  265 	.db #0x00	; 0
   00DD 00                  266 	.db #0x00	; 0
   00DE 00                  267 	.db #0x00	; 0
   00DF FF                  268 	.db #0xff	; 255
   00E0 00                  269 	.db #0x00	; 0
                            270 	.area _INITIALIZER
                            271 	.area _CABS (ABS)
