                              1 ;--------------------------------------------------------
                              2 ; File Created by SDCC : free open source ANSI-C Compiler
                              3 ; Version 3.6.8 #9946 (Linux)
                              4 ;--------------------------------------------------------
                              5 	.module flying_devil
                              6 	.optsdcc -mz80
                              7 	
                              8 ;--------------------------------------------------------
                              9 ; Public variables in this module
                             10 ;--------------------------------------------------------
                             11 	.globl _g_flying_devil
                             12 ;--------------------------------------------------------
                             13 ; special function registers
                             14 ;--------------------------------------------------------
                             15 ;--------------------------------------------------------
                             16 ; ram data
                             17 ;--------------------------------------------------------
                             18 	.area _DATA
                             19 ;--------------------------------------------------------
                             20 ; ram data
                             21 ;--------------------------------------------------------
                             22 	.area _INITIALIZED
                             23 ;--------------------------------------------------------
                             24 ; absolute external ram data
                             25 ;--------------------------------------------------------
                             26 	.area _DABS (ABS)
                             27 ;--------------------------------------------------------
                             28 ; global & static initialisations
                             29 ;--------------------------------------------------------
                             30 	.area _HOME
                             31 	.area _GSINIT
                             32 	.area _GSFINAL
                             33 	.area _GSINIT
                             34 ;--------------------------------------------------------
                             35 ; Home
                             36 ;--------------------------------------------------------
                             37 	.area _HOME
                             38 	.area _HOME
                             39 ;--------------------------------------------------------
                             40 ; code
                             41 ;--------------------------------------------------------
                             42 	.area _CODE
                             43 	.area _CODE
   0000                      44 _g_flying_devil:
   0000 00                   45 	.db #0x00	; 0
   0001 00                   46 	.db #0x00	; 0
   0002 00                   47 	.db #0x00	; 0
   0003 F0                   48 	.db #0xf0	; 240
   0004 F0                   49 	.db #0xf0	; 240
   0005 33                   50 	.db #0x33	; 51	'3'
   0006 00                   51 	.db #0x00	; 0
   0007 00                   52 	.db #0x00	; 0
   0008 00                   53 	.db #0x00	; 0
   0009 F0                   54 	.db #0xf0	; 240
   000A 00                   55 	.db #0x00	; 0
   000B 00                   56 	.db #0x00	; 0
   000C 00                   57 	.db #0x00	; 0
   000D 00                   58 	.db #0x00	; 0
   000E F0                   59 	.db #0xf0	; 240
   000F F0                   60 	.db #0xf0	; 240
   0010 33                   61 	.db #0x33	; 51	'3'
   0011 FF                   62 	.db #0xff	; 255
   0012 33                   63 	.db #0x33	; 51	'3'
   0013 00                   64 	.db #0x00	; 0
   0014 00                   65 	.db #0x00	; 0
   0015 F0                   66 	.db #0xf0	; 240
   0016 00                   67 	.db #0x00	; 0
   0017 00                   68 	.db #0x00	; 0
   0018 00                   69 	.db #0x00	; 0
   0019 F0                   70 	.db #0xf0	; 240
   001A F0                   71 	.db #0xf0	; 240
   001B F0                   72 	.db #0xf0	; 240
   001C 33                   73 	.db #0x33	; 51	'3'
   001D FF                   74 	.db #0xff	; 255
   001E 33                   75 	.db #0x33	; 51	'3'
   001F 00                   76 	.db #0x00	; 0
   0020 F0                   77 	.db #0xf0	; 240
   0021 F0                   78 	.db #0xf0	; 240
   0022 F0                   79 	.db #0xf0	; 240
   0023 00                   80 	.db #0x00	; 0
   0024 00                   81 	.db #0x00	; 0
   0025 F0                   82 	.db #0xf0	; 240
   0026 F0                   83 	.db #0xf0	; 240
   0027 33                   84 	.db #0x33	; 51	'3'
   0028 F0                   85 	.db #0xf0	; 240
   0029 FF                   86 	.db #0xff	; 255
   002A F0                   87 	.db #0xf0	; 240
   002B 33                   88 	.db #0x33	; 51	'3'
   002C F0                   89 	.db #0xf0	; 240
   002D F0                   90 	.db #0xf0	; 240
   002E F0                   91 	.db #0xf0	; 240
   002F 00                   92 	.db #0x00	; 0
   0030 00                   93 	.db #0x00	; 0
   0031 F0                   94 	.db #0xf0	; 240
   0032 F0                   95 	.db #0xf0	; 240
   0033 33                   96 	.db #0x33	; 51	'3'
   0034 FF                   97 	.db #0xff	; 255
   0035 FF                   98 	.db #0xff	; 255
   0036 FF                   99 	.db #0xff	; 255
   0037 33                  100 	.db #0x33	; 51	'3'
   0038 F0                  101 	.db #0xf0	; 240
   0039 F0                  102 	.db #0xf0	; 240
   003A F0                  103 	.db #0xf0	; 240
   003B F0                  104 	.db #0xf0	; 240
   003C 00                  105 	.db #0x00	; 0
   003D 00                  106 	.db #0x00	; 0
   003E F0                  107 	.db #0xf0	; 240
   003F F0                  108 	.db #0xf0	; 240
   0040 33                  109 	.db #0x33	; 51	'3'
   0041 FF                  110 	.db #0xff	; 255
   0042 33                  111 	.db #0x33	; 51	'3'
   0043 F0                  112 	.db #0xf0	; 240
   0044 F0                  113 	.db #0xf0	; 240
   0045 F0                  114 	.db #0xf0	; 240
   0046 F0                  115 	.db #0xf0	; 240
   0047 F0                  116 	.db #0xf0	; 240
   0048 00                  117 	.db #0x00	; 0
   0049 00                  118 	.db #0x00	; 0
   004A 33                  119 	.db #0x33	; 51	'3'
   004B 33                  120 	.db #0x33	; 51	'3'
   004C 33                  121 	.db #0x33	; 51	'3'
   004D F0                  122 	.db #0xf0	; 240
   004E 33                  123 	.db #0x33	; 51	'3'
   004F 33                  124 	.db #0x33	; 51	'3'
   0050 00                  125 	.db #0x00	; 0
   0051 00                  126 	.db #0x00	; 0
   0052 F0                  127 	.db #0xf0	; 240
   0053 F0                  128 	.db #0xf0	; 240
   0054 33                  129 	.db #0x33	; 51	'3'
   0055 33                  130 	.db #0x33	; 51	'3'
   0056 FF                  131 	.db #0xff	; 255
   0057 FF                  132 	.db #0xff	; 255
   0058 FF                  133 	.db #0xff	; 255
   0059 33                  134 	.db #0x33	; 51	'3'
   005A FF                  135 	.db #0xff	; 255
   005B FF                  136 	.db #0xff	; 255
   005C 33                  137 	.db #0x33	; 51	'3'
   005D 00                  138 	.db #0x00	; 0
   005E 00                  139 	.db #0x00	; 0
   005F F0                  140 	.db #0xf0	; 240
   0060 33                  141 	.db #0x33	; 51	'3'
   0061 00                  142 	.db #0x00	; 0
   0062 00                  143 	.db #0x00	; 0
   0063 33                  144 	.db #0x33	; 51	'3'
   0064 FF                  145 	.db #0xff	; 255
   0065 FF                  146 	.db #0xff	; 255
   0066 FF                  147 	.db #0xff	; 255
   0067 33                  148 	.db #0x33	; 51	'3'
   0068 FF                  149 	.db #0xff	; 255
   0069 33                  150 	.db #0x33	; 51	'3'
   006A 00                  151 	.db #0x00	; 0
   006B 00                  152 	.db #0x00	; 0
   006C 00                  153 	.db #0x00	; 0
   006D 00                  154 	.db #0x00	; 0
   006E 00                  155 	.db #0x00	; 0
   006F 33                  156 	.db #0x33	; 51	'3'
   0070 FF                  157 	.db #0xff	; 255
   0071 FF                  158 	.db #0xff	; 255
   0072 FF                  159 	.db #0xff	; 255
   0073 33                  160 	.db #0x33	; 51	'3'
   0074 00                  161 	.db #0x00	; 0
   0075 33                  162 	.db #0x33	; 51	'3'
   0076 33                  163 	.db #0x33	; 51	'3'
   0077 00                  164 	.db #0x00	; 0
   0078 00                  165 	.db #0x00	; 0
   0079 00                  166 	.db #0x00	; 0
   007A 00                  167 	.db #0x00	; 0
   007B 33                  168 	.db #0x33	; 51	'3'
   007C FF                  169 	.db #0xff	; 255
   007D FF                  170 	.db #0xff	; 255
   007E 33                  171 	.db #0x33	; 51	'3'
   007F 00                  172 	.db #0x00	; 0
   0080 00                  173 	.db #0x00	; 0
   0081 00                  174 	.db #0x00	; 0
   0082 33                  175 	.db #0x33	; 51	'3'
   0083 00                  176 	.db #0x00	; 0
   0084 00                  177 	.db #0x00	; 0
   0085 00                  178 	.db #0x00	; 0
   0086 33                  179 	.db #0x33	; 51	'3'
   0087 33                  180 	.db #0x33	; 51	'3'
   0088 FF                  181 	.db #0xff	; 255
   0089 FF                  182 	.db #0xff	; 255
   008A 33                  183 	.db #0x33	; 51	'3'
   008B 00                  184 	.db #0x00	; 0
   008C 00                  185 	.db #0x00	; 0
   008D 00                  186 	.db #0x00	; 0
   008E 00                  187 	.db #0x00	; 0
   008F 00                  188 	.db #0x00	; 0
   0090 00                  189 	.db #0x00	; 0
   0091 00                  190 	.db #0x00	; 0
   0092 33                  191 	.db #0x33	; 51	'3'
   0093 00                  192 	.db #0x00	; 0
   0094 00                  193 	.db #0x00	; 0
   0095 33                  194 	.db #0x33	; 51	'3'
   0096 00                  195 	.db #0x00	; 0
   0097 00                  196 	.db #0x00	; 0
   0098 00                  197 	.db #0x00	; 0
   0099 00                  198 	.db #0x00	; 0
   009A 00                  199 	.db #0x00	; 0
   009B 00                  200 	.db #0x00	; 0
   009C 33                  201 	.db #0x33	; 51	'3'
   009D 33                  202 	.db #0x33	; 51	'3'
   009E FF                  203 	.db #0xff	; 255
   009F 00                  204 	.db #0x00	; 0
   00A0 33                  205 	.db #0x33	; 51	'3'
   00A1 33                  206 	.db #0x33	; 51	'3'
   00A2 00                  207 	.db #0x00	; 0
   00A3 00                  208 	.db #0x00	; 0
   00A4 00                  209 	.db #0x00	; 0
   00A5 00                  210 	.db #0x00	; 0
   00A6 00                  211 	.db #0x00	; 0
   00A7 00                  212 	.db #0x00	; 0
   00A8 00                  213 	.db #0x00	; 0
   00A9 33                  214 	.db #0x33	; 51	'3'
   00AA 00                  215 	.db #0x00	; 0
   00AB 00                  216 	.db #0x00	; 0
   00AC 33                  217 	.db #0x33	; 51	'3'
   00AD 00                  218 	.db #0x00	; 0
   00AE 00                  219 	.db #0x00	; 0
   00AF 00                  220 	.db #0x00	; 0
   00B0 00                  221 	.db #0x00	; 0
   00B1 00                  222 	.db #0x00	; 0
   00B2 00                  223 	.db #0x00	; 0
   00B3 00                  224 	.db #0x00	; 0
   00B4 00                  225 	.db #0x00	; 0
   00B5 00                  226 	.db #0x00	; 0
   00B6 00                  227 	.db #0x00	; 0
   00B7 00                  228 	.db #0x00	; 0
   00B8 FF                  229 	.db #0xff	; 255
   00B9 33                  230 	.db #0x33	; 51	'3'
   00BA 00                  231 	.db #0x00	; 0
   00BB 00                  232 	.db #0x00	; 0
   00BC 00                  233 	.db #0x00	; 0
   00BD 00                  234 	.db #0x00	; 0
   00BE 00                  235 	.db #0x00	; 0
   00BF 00                  236 	.db #0x00	; 0
                            237 	.area _INITIALIZER
                            238 	.area _CABS (ABS)
