                              1 ;--------------------------------------------------------
                              2 ; File Created by SDCC : free open source ANSI-C Compiler
                              3 ; Version 3.6.8 #9946 (Linux)
                              4 ;--------------------------------------------------------
                              5 	.module font_chars
                              6 	.optsdcc -mz80
                              7 	
                              8 ;--------------------------------------------------------
                              9 ; Public variables in this module
                             10 ;--------------------------------------------------------
                             11 	.globl _g_font_chars
                             12 ;--------------------------------------------------------
                             13 ; special function registers
                             14 ;--------------------------------------------------------
                             15 ;--------------------------------------------------------
                             16 ; ram data
                             17 ;--------------------------------------------------------
                             18 	.area _DATA
                             19 ;--------------------------------------------------------
                             20 ; ram data
                             21 ;--------------------------------------------------------
                             22 	.area _INITIALIZED
                             23 ;--------------------------------------------------------
                             24 ; absolute external ram data
                             25 ;--------------------------------------------------------
                             26 	.area _DABS (ABS)
                             27 ;--------------------------------------------------------
                             28 ; global & static initialisations
                             29 ;--------------------------------------------------------
                             30 	.area _HOME
                             31 	.area _GSINIT
                             32 	.area _GSFINAL
                             33 	.area _GSINIT
                             34 ;--------------------------------------------------------
                             35 ; Home
                             36 ;--------------------------------------------------------
                             37 	.area _HOME
                             38 	.area _HOME
                             39 ;--------------------------------------------------------
                             40 ; code
                             41 ;--------------------------------------------------------
                             42 	.area _CODE
                             43 	.area _CODE
   0000                      44 _g_font_chars:
   0000 01                   45 	.db #0x01	; 1
   0001 A0                   46 	.db #0xa0	; 160
   0002 01                   47 	.db #0x01	; 1
   0003 A0                   48 	.db #0xa0	; 160
   0004 01                   49 	.db #0x01	; 1
   0005 A0                   50 	.db #0xa0	; 160
   0006 01                   51 	.db #0x01	; 1
   0007 A0                   52 	.db #0xa0	; 160
   0008 01                   53 	.db #0x01	; 1
   0009 A0                   54 	.db #0xa0	; 160
   000A 50                   55 	.db #0x50	; 80	'P'
   000B A0                   56 	.db #0xa0	; 160
   000C 01                   57 	.db #0x01	; 1
   000D A0                   58 	.db #0xa0	; 160
   000E 50                   59 	.db #0x50	; 80	'P'
   000F A0                   60 	.db #0xa0	; 160
   0010 00                   61 	.db #0x00	; 0
   0011 00                   62 	.db #0x00	; 0
   0012 00                   63 	.db #0x00	; 0
   0013 00                   64 	.db #0x00	; 0
   0014 00                   65 	.db #0x00	; 0
   0015 00                   66 	.db #0x00	; 0
   0016 00                   67 	.db #0x00	; 0
   0017 00                   68 	.db #0x00	; 0
   0018 00                   69 	.db #0x00	; 0
   0019 00                   70 	.db #0x00	; 0
   001A 00                   71 	.db #0x00	; 0
   001B 00                   72 	.db #0x00	; 0
   001C 01                   73 	.db #0x01	; 1
   001D A0                   74 	.db #0xa0	; 160
   001E 01                   75 	.db #0x01	; 1
   001F A0                   76 	.db #0xa0	; 160
   0020 52                   77 	.db #0x52	; 82	'R'
   0021 A0                   78 	.db #0xa0	; 160
   0022 F0                   79 	.db #0xf0	; 240
   0023 00                   80 	.db #0x00	; 0
   0024 00                   81 	.db #0x00	; 0
   0025 00                   82 	.db #0x00	; 0
   0026 00                   83 	.db #0x00	; 0
   0027 00                   84 	.db #0x00	; 0
   0028 00                   85 	.db #0x00	; 0
   0029 00                   86 	.db #0x00	; 0
   002A 03                   87 	.db #0x03	; 3
   002B 03                   88 	.db #0x03	; 3
   002C F0                   89 	.db #0xf0	; 240
   002D F0                   90 	.db #0xf0	; 240
   002E 00                   91 	.db #0x00	; 0
   002F 00                   92 	.db #0x00	; 0
   0030 00                   93 	.db #0x00	; 0
   0031 00                   94 	.db #0x00	; 0
   0032 00                   95 	.db #0x00	; 0
   0033 00                   96 	.db #0x00	; 0
   0034 00                   97 	.db #0x00	; 0
   0035 00                   98 	.db #0x00	; 0
   0036 00                   99 	.db #0x00	; 0
   0037 00                  100 	.db #0x00	; 0
   0038 00                  101 	.db #0x00	; 0
   0039 00                  102 	.db #0x00	; 0
   003A 00                  103 	.db #0x00	; 0
   003B 00                  104 	.db #0x00	; 0
   003C 00                  105 	.db #0x00	; 0
   003D 00                  106 	.db #0x00	; 0
   003E 00                  107 	.db #0x00	; 0
   003F 00                  108 	.db #0x00	; 0
   0040 01                  109 	.db #0x01	; 1
   0041 A0                  110 	.db #0xa0	; 160
   0042 01                  111 	.db #0x01	; 1
   0043 A0                  112 	.db #0xa0	; 160
   0044 50                  113 	.db #0x50	; 80	'P'
   0045 A0                  114 	.db #0xa0	; 160
   0046 00                  115 	.db #0x00	; 0
   0047 00                  116 	.db #0x00	; 0
   0048 01                  117 	.db #0x01	; 1
   0049 A0                  118 	.db #0xa0	; 160
   004A 52                  119 	.db #0x52	; 82	'R'
   004B 52                  120 	.db #0x52	; 82	'R'
   004C 52                  121 	.db #0x52	; 82	'R'
   004D 52                  122 	.db #0x52	; 82	'R'
   004E 52                  123 	.db #0x52	; 82	'R'
   004F 52                  124 	.db #0x52	; 82	'R'
   0050 52                  125 	.db #0x52	; 82	'R'
   0051 52                  126 	.db #0x52	; 82	'R'
   0052 52                  127 	.db #0x52	; 82	'R'
   0053 52                  128 	.db #0x52	; 82	'R'
   0054 A1                  129 	.db #0xa1	; 161
   0055 F0                  130 	.db #0xf0	; 240
   0056 50                  131 	.db #0x50	; 80	'P'
   0057 A0                  132 	.db #0xa0	; 160
   0058 00                  133 	.db #0x00	; 0
   0059 00                  134 	.db #0x00	; 0
   005A 01                  135 	.db #0x01	; 1
   005B A0                  136 	.db #0xa0	; 160
   005C 03                  137 	.db #0x03	; 3
   005D A0                  138 	.db #0xa0	; 160
   005E A1                  139 	.db #0xa1	; 161
   005F A0                  140 	.db #0xa0	; 160
   0060 01                  141 	.db #0x01	; 1
   0061 A0                  142 	.db #0xa0	; 160
   0062 01                  143 	.db #0x01	; 1
   0063 A0                  144 	.db #0xa0	; 160
   0064 01                  145 	.db #0x01	; 1
   0065 A0                  146 	.db #0xa0	; 160
   0066 03                  147 	.db #0x03	; 3
   0067 52                  148 	.db #0x52	; 82	'R'
   0068 F0                  149 	.db #0xf0	; 240
   0069 F0                  150 	.db #0xf0	; 240
   006A 00                  151 	.db #0x00	; 0
   006B 00                  152 	.db #0x00	; 0
   006C 01                  153 	.db #0x01	; 1
   006D A0                  154 	.db #0xa0	; 160
   006E 52                  155 	.db #0x52	; 82	'R'
   006F 52                  156 	.db #0x52	; 82	'R'
   0070 F0                  157 	.db #0xf0	; 240
   0071 52                  158 	.db #0x52	; 82	'R'
   0072 01                  159 	.db #0x01	; 1
   0073 F0                  160 	.db #0xf0	; 240
   0074 52                  161 	.db #0x52	; 82	'R'
   0075 A0                  162 	.db #0xa0	; 160
   0076 52                  163 	.db #0x52	; 82	'R'
   0077 00                  164 	.db #0x00	; 0
   0078 03                  165 	.db #0x03	; 3
   0079 52                  166 	.db #0x52	; 82	'R'
   007A F0                  167 	.db #0xf0	; 240
   007B F0                  168 	.db #0xf0	; 240
   007C 00                  169 	.db #0x00	; 0
   007D 00                  170 	.db #0x00	; 0
   007E 01                  171 	.db #0x01	; 1
   007F A0                  172 	.db #0xa0	; 160
   0080 52                  173 	.db #0x52	; 82	'R'
   0081 52                  174 	.db #0x52	; 82	'R'
   0082 F0                  175 	.db #0xf0	; 240
   0083 52                  176 	.db #0x52	; 82	'R'
   0084 01                  177 	.db #0x01	; 1
   0085 F0                  178 	.db #0xf0	; 240
   0086 50                  179 	.db #0x50	; 80	'P'
   0087 52                  180 	.db #0x52	; 82	'R'
   0088 52                  181 	.db #0x52	; 82	'R'
   0089 52                  182 	.db #0x52	; 82	'R'
   008A A1                  183 	.db #0xa1	; 161
   008B F0                  184 	.db #0xf0	; 240
   008C 50                  185 	.db #0x50	; 80	'P'
   008D A0                  186 	.db #0xa0	; 160
   008E 00                  187 	.db #0x00	; 0
   008F 00                  188 	.db #0x00	; 0
   0090 00                  189 	.db #0x00	; 0
   0091 52                  190 	.db #0x52	; 82	'R'
   0092 52                  191 	.db #0x52	; 82	'R'
   0093 52                  192 	.db #0x52	; 82	'R'
   0094 52                  193 	.db #0x52	; 82	'R'
   0095 52                  194 	.db #0x52	; 82	'R'
   0096 03                  195 	.db #0x03	; 3
   0097 52                  196 	.db #0x52	; 82	'R'
   0098 F0                  197 	.db #0xf0	; 240
   0099 52                  198 	.db #0x52	; 82	'R'
   009A 00                  199 	.db #0x00	; 0
   009B 52                  200 	.db #0x52	; 82	'R'
   009C 00                  201 	.db #0x00	; 0
   009D 52                  202 	.db #0x52	; 82	'R'
   009E 00                  203 	.db #0x00	; 0
   009F F0                  204 	.db #0xf0	; 240
   00A0 00                  205 	.db #0x00	; 0
   00A1 00                  206 	.db #0x00	; 0
   00A2 03                  207 	.db #0x03	; 3
   00A3 52                  208 	.db #0x52	; 82	'R'
   00A4 52                  209 	.db #0x52	; 82	'R'
   00A5 F0                  210 	.db #0xf0	; 240
   00A6 52                  211 	.db #0x52	; 82	'R'
   00A7 00                  212 	.db #0x00	; 0
   00A8 03                  213 	.db #0x03	; 3
   00A9 A0                  214 	.db #0xa0	; 160
   00AA F0                  215 	.db #0xf0	; 240
   00AB 52                  216 	.db #0x52	; 82	'R'
   00AC 00                  217 	.db #0x00	; 0
   00AD 52                  218 	.db #0x52	; 82	'R'
   00AE 03                  219 	.db #0x03	; 3
   00AF F0                  220 	.db #0xf0	; 240
   00B0 F0                  221 	.db #0xf0	; 240
   00B1 A0                  222 	.db #0xa0	; 160
   00B2 00                  223 	.db #0x00	; 0
   00B3 00                  224 	.db #0x00	; 0
   00B4 01                  225 	.db #0x01	; 1
   00B5 A0                  226 	.db #0xa0	; 160
   00B6 52                  227 	.db #0x52	; 82	'R'
   00B7 52                  228 	.db #0x52	; 82	'R'
   00B8 52                  229 	.db #0x52	; 82	'R'
   00B9 F0                  230 	.db #0xf0	; 240
   00BA 03                  231 	.db #0x03	; 3
   00BB A0                  232 	.db #0xa0	; 160
   00BC 52                  233 	.db #0x52	; 82	'R'
   00BD 52                  234 	.db #0x52	; 82	'R'
   00BE 52                  235 	.db #0x52	; 82	'R'
   00BF 52                  236 	.db #0x52	; 82	'R'
   00C0 A1                  237 	.db #0xa1	; 161
   00C1 F0                  238 	.db #0xf0	; 240
   00C2 50                  239 	.db #0x50	; 80	'P'
   00C3 A0                  240 	.db #0xa0	; 160
   00C4 00                  241 	.db #0x00	; 0
   00C5 00                  242 	.db #0x00	; 0
   00C6 03                  243 	.db #0x03	; 3
   00C7 52                  244 	.db #0x52	; 82	'R'
   00C8 F0                  245 	.db #0xf0	; 240
   00C9 52                  246 	.db #0x52	; 82	'R'
   00CA 00                  247 	.db #0x00	; 0
   00CB 52                  248 	.db #0x52	; 82	'R'
   00CC 01                  249 	.db #0x01	; 1
   00CD F0                  250 	.db #0xf0	; 240
   00CE 01                  251 	.db #0x01	; 1
   00CF A0                  252 	.db #0xa0	; 160
   00D0 01                  253 	.db #0x01	; 1
   00D1 A0                  254 	.db #0xa0	; 160
   00D2 01                  255 	.db #0x01	; 1
   00D3 A0                  256 	.db #0xa0	; 160
   00D4 50                  257 	.db #0x50	; 80	'P'
   00D5 A0                  258 	.db #0xa0	; 160
   00D6 00                  259 	.db #0x00	; 0
   00D7 00                  260 	.db #0x00	; 0
   00D8 01                  261 	.db #0x01	; 1
   00D9 A0                  262 	.db #0xa0	; 160
   00DA 52                  263 	.db #0x52	; 82	'R'
   00DB 52                  264 	.db #0x52	; 82	'R'
   00DC 52                  265 	.db #0x52	; 82	'R'
   00DD 52                  266 	.db #0x52	; 82	'R'
   00DE A1                  267 	.db #0xa1	; 161
   00DF F0                  268 	.db #0xf0	; 240
   00E0 52                  269 	.db #0x52	; 82	'R'
   00E1 52                  270 	.db #0x52	; 82	'R'
   00E2 52                  271 	.db #0x52	; 82	'R'
   00E3 52                  272 	.db #0x52	; 82	'R'
   00E4 A1                  273 	.db #0xa1	; 161
   00E5 F0                  274 	.db #0xf0	; 240
   00E6 50                  275 	.db #0x50	; 80	'P'
   00E7 A0                  276 	.db #0xa0	; 160
   00E8 00                  277 	.db #0x00	; 0
   00E9 00                  278 	.db #0x00	; 0
   00EA 01                  279 	.db #0x01	; 1
   00EB A0                  280 	.db #0xa0	; 160
   00EC 52                  281 	.db #0x52	; 82	'R'
   00ED 52                  282 	.db #0x52	; 82	'R'
   00EE 52                  283 	.db #0x52	; 82	'R'
   00EF 52                  284 	.db #0x52	; 82	'R'
   00F0 A1                  285 	.db #0xa1	; 161
   00F1 52                  286 	.db #0x52	; 82	'R'
   00F2 50                  287 	.db #0x50	; 80	'P'
   00F3 52                  288 	.db #0x52	; 82	'R'
   00F4 00                  289 	.db #0x00	; 0
   00F5 52                  290 	.db #0x52	; 82	'R'
   00F6 01                  291 	.db #0x01	; 1
   00F7 F0                  292 	.db #0xf0	; 240
   00F8 50                  293 	.db #0x50	; 80	'P'
   00F9 A0                  294 	.db #0xa0	; 160
   00FA 00                  295 	.db #0x00	; 0
   00FB 00                  296 	.db #0x00	; 0
   00FC 01                  297 	.db #0x01	; 1
   00FD A0                  298 	.db #0xa0	; 160
   00FE 52                  299 	.db #0x52	; 82	'R'
   00FF 52                  300 	.db #0x52	; 82	'R'
   0100 F0                  301 	.db #0xf0	; 240
   0101 52                  302 	.db #0x52	; 82	'R'
   0102 01                  303 	.db #0x01	; 1
   0103 F0                  304 	.db #0xf0	; 240
   0104 01                  305 	.db #0x01	; 1
   0105 A0                  306 	.db #0xa0	; 160
   0106 50                  307 	.db #0x50	; 80	'P'
   0107 A0                  308 	.db #0xa0	; 160
   0108 01                  309 	.db #0x01	; 1
   0109 A0                  310 	.db #0xa0	; 160
   010A 50                  311 	.db #0x50	; 80	'P'
   010B A0                  312 	.db #0xa0	; 160
   010C 00                  313 	.db #0x00	; 0
   010D 00                  314 	.db #0x00	; 0
   010E 00                  315 	.db #0x00	; 0
   010F 00                  316 	.db #0x00	; 0
   0110 01                  317 	.db #0x01	; 1
   0111 02                  318 	.db #0x02	; 2
   0112 52                  319 	.db #0x52	; 82	'R'
   0113 A1                  320 	.db #0xa1	; 161
   0114 A1                  321 	.db #0xa1	; 161
   0115 52                  322 	.db #0x52	; 82	'R'
   0116 A1                  323 	.db #0xa1	; 161
   0117 F0                  324 	.db #0xf0	; 240
   0118 A1                  325 	.db #0xa1	; 161
   0119 52                  326 	.db #0x52	; 82	'R'
   011A 52                  327 	.db #0x52	; 82	'R'
   011B A1                  328 	.db #0xa1	; 161
   011C 01                  329 	.db #0x01	; 1
   011D 52                  330 	.db #0x52	; 82	'R'
   011E 00                  331 	.db #0x00	; 0
   011F 00                  332 	.db #0x00	; 0
   0120 01                  333 	.db #0x01	; 1
   0121 A0                  334 	.db #0xa0	; 160
   0122 52                  335 	.db #0x52	; 82	'R'
   0123 52                  336 	.db #0x52	; 82	'R'
   0124 52                  337 	.db #0x52	; 82	'R'
   0125 52                  338 	.db #0x52	; 82	'R'
   0126 03                  339 	.db #0x03	; 3
   0127 52                  340 	.db #0x52	; 82	'R'
   0128 52                  341 	.db #0x52	; 82	'R'
   0129 52                  342 	.db #0x52	; 82	'R'
   012A 52                  343 	.db #0x52	; 82	'R'
   012B 52                  344 	.db #0x52	; 82	'R'
   012C 52                  345 	.db #0x52	; 82	'R'
   012D 52                  346 	.db #0x52	; 82	'R'
   012E F0                  347 	.db #0xf0	; 240
   012F F0                  348 	.db #0xf0	; 240
   0130 00                  349 	.db #0x00	; 0
   0131 00                  350 	.db #0x00	; 0
   0132 03                  351 	.db #0x03	; 3
   0133 A0                  352 	.db #0xa0	; 160
   0134 52                  353 	.db #0x52	; 82	'R'
   0135 52                  354 	.db #0x52	; 82	'R'
   0136 52                  355 	.db #0x52	; 82	'R'
   0137 52                  356 	.db #0x52	; 82	'R'
   0138 03                  357 	.db #0x03	; 3
   0139 F0                  358 	.db #0xf0	; 240
   013A 52                  359 	.db #0x52	; 82	'R'
   013B 52                  360 	.db #0x52	; 82	'R'
   013C 52                  361 	.db #0x52	; 82	'R'
   013D 52                  362 	.db #0x52	; 82	'R'
   013E 03                  363 	.db #0x03	; 3
   013F 52                  364 	.db #0x52	; 82	'R'
   0140 F0                  365 	.db #0xf0	; 240
   0141 F0                  366 	.db #0xf0	; 240
   0142 00                  367 	.db #0x00	; 0
   0143 00                  368 	.db #0x00	; 0
   0144 01                  369 	.db #0x01	; 1
   0145 A0                  370 	.db #0xa0	; 160
   0146 52                  371 	.db #0x52	; 82	'R'
   0147 52                  372 	.db #0x52	; 82	'R'
   0148 52                  373 	.db #0x52	; 82	'R'
   0149 F0                  374 	.db #0xf0	; 240
   014A 52                  375 	.db #0x52	; 82	'R'
   014B 00                  376 	.db #0x00	; 0
   014C 52                  377 	.db #0x52	; 82	'R'
   014D 00                  378 	.db #0x00	; 0
   014E 52                  379 	.db #0x52	; 82	'R'
   014F 52                  380 	.db #0x52	; 82	'R'
   0150 A1                  381 	.db #0xa1	; 161
   0151 F0                  382 	.db #0xf0	; 240
   0152 50                  383 	.db #0x50	; 80	'P'
   0153 A0                  384 	.db #0xa0	; 160
   0154 00                  385 	.db #0x00	; 0
   0155 00                  386 	.db #0x00	; 0
   0156 03                  387 	.db #0x03	; 3
   0157 A0                  388 	.db #0xa0	; 160
   0158 52                  389 	.db #0x52	; 82	'R'
   0159 52                  390 	.db #0x52	; 82	'R'
   015A 52                  391 	.db #0x52	; 82	'R'
   015B 52                  392 	.db #0x52	; 82	'R'
   015C 52                  393 	.db #0x52	; 82	'R'
   015D 52                  394 	.db #0x52	; 82	'R'
   015E 52                  395 	.db #0x52	; 82	'R'
   015F 52                  396 	.db #0x52	; 82	'R'
   0160 52                  397 	.db #0x52	; 82	'R'
   0161 52                  398 	.db #0x52	; 82	'R'
   0162 03                  399 	.db #0x03	; 3
   0163 F0                  400 	.db #0xf0	; 240
   0164 F0                  401 	.db #0xf0	; 240
   0165 A0                  402 	.db #0xa0	; 160
   0166 00                  403 	.db #0x00	; 0
   0167 00                  404 	.db #0x00	; 0
   0168 03                  405 	.db #0x03	; 3
   0169 52                  406 	.db #0x52	; 82	'R'
   016A 52                  407 	.db #0x52	; 82	'R'
   016B F0                  408 	.db #0xf0	; 240
   016C 52                  409 	.db #0x52	; 82	'R'
   016D 00                  410 	.db #0x00	; 0
   016E 03                  411 	.db #0x03	; 3
   016F A0                  412 	.db #0xa0	; 160
   0170 52                  413 	.db #0x52	; 82	'R'
   0171 A0                  414 	.db #0xa0	; 160
   0172 52                  415 	.db #0x52	; 82	'R'
   0173 00                  416 	.db #0x00	; 0
   0174 03                  417 	.db #0x03	; 3
   0175 52                  418 	.db #0x52	; 82	'R'
   0176 F0                  419 	.db #0xf0	; 240
   0177 F0                  420 	.db #0xf0	; 240
   0178 00                  421 	.db #0x00	; 0
   0179 00                  422 	.db #0x00	; 0
   017A 03                  423 	.db #0x03	; 3
   017B 52                  424 	.db #0x52	; 82	'R'
   017C 52                  425 	.db #0x52	; 82	'R'
   017D F0                  426 	.db #0xf0	; 240
   017E 52                  427 	.db #0x52	; 82	'R'
   017F 00                  428 	.db #0x00	; 0
   0180 03                  429 	.db #0x03	; 3
   0181 A0                  430 	.db #0xa0	; 160
   0182 52                  431 	.db #0x52	; 82	'R'
   0183 A0                  432 	.db #0xa0	; 160
   0184 52                  433 	.db #0x52	; 82	'R'
   0185 00                  434 	.db #0x00	; 0
   0186 52                  435 	.db #0x52	; 82	'R'
   0187 00                  436 	.db #0x00	; 0
   0188 F0                  437 	.db #0xf0	; 240
   0189 00                  438 	.db #0x00	; 0
   018A 00                  439 	.db #0x00	; 0
   018B 00                  440 	.db #0x00	; 0
   018C 01                  441 	.db #0x01	; 1
   018D 52                  442 	.db #0x52	; 82	'R'
   018E 52                  443 	.db #0x52	; 82	'R'
   018F F0                  444 	.db #0xf0	; 240
   0190 52                  445 	.db #0x52	; 82	'R'
   0191 00                  446 	.db #0x00	; 0
   0192 52                  447 	.db #0x52	; 82	'R'
   0193 00                  448 	.db #0x00	; 0
   0194 52                  449 	.db #0x52	; 82	'R'
   0195 52                  450 	.db #0x52	; 82	'R'
   0196 52                  451 	.db #0x52	; 82	'R'
   0197 52                  452 	.db #0x52	; 82	'R'
   0198 A1                  453 	.db #0xa1	; 161
   0199 52                  454 	.db #0x52	; 82	'R'
   019A 50                  455 	.db #0x50	; 80	'P'
   019B F0                  456 	.db #0xf0	; 240
   019C 00                  457 	.db #0x00	; 0
   019D 00                  458 	.db #0x00	; 0
   019E 52                  459 	.db #0x52	; 82	'R'
   019F 52                  460 	.db #0x52	; 82	'R'
   01A0 52                  461 	.db #0x52	; 82	'R'
   01A1 52                  462 	.db #0x52	; 82	'R'
   01A2 52                  463 	.db #0x52	; 82	'R'
   01A3 52                  464 	.db #0x52	; 82	'R'
   01A4 03                  465 	.db #0x03	; 3
   01A5 52                  466 	.db #0x52	; 82	'R'
   01A6 52                  467 	.db #0x52	; 82	'R'
   01A7 52                  468 	.db #0x52	; 82	'R'
   01A8 52                  469 	.db #0x52	; 82	'R'
   01A9 52                  470 	.db #0x52	; 82	'R'
   01AA 52                  471 	.db #0x52	; 82	'R'
   01AB 52                  472 	.db #0x52	; 82	'R'
   01AC F0                  473 	.db #0xf0	; 240
   01AD F0                  474 	.db #0xf0	; 240
   01AE 00                  475 	.db #0x00	; 0
   01AF 00                  476 	.db #0x00	; 0
   01B0 03                  477 	.db #0x03	; 3
   01B1 52                  478 	.db #0x52	; 82	'R'
   01B2 A1                  479 	.db #0xa1	; 161
   01B3 F0                  480 	.db #0xf0	; 240
   01B4 01                  481 	.db #0x01	; 1
   01B5 A0                  482 	.db #0xa0	; 160
   01B6 01                  483 	.db #0x01	; 1
   01B7 A0                  484 	.db #0xa0	; 160
   01B8 01                  485 	.db #0x01	; 1
   01B9 A0                  486 	.db #0xa0	; 160
   01BA 01                  487 	.db #0x01	; 1
   01BB A0                  488 	.db #0xa0	; 160
   01BC 03                  489 	.db #0x03	; 3
   01BD 52                  490 	.db #0x52	; 82	'R'
   01BE F0                  491 	.db #0xf0	; 240
   01BF F0                  492 	.db #0xf0	; 240
   01C0 00                  493 	.db #0x00	; 0
   01C1 00                  494 	.db #0x00	; 0
   01C2 01                  495 	.db #0x01	; 1
   01C3 52                  496 	.db #0x52	; 82	'R'
   01C4 50                  497 	.db #0x50	; 80	'P'
   01C5 52                  498 	.db #0x52	; 82	'R'
   01C6 00                  499 	.db #0x00	; 0
   01C7 52                  500 	.db #0x52	; 82	'R'
   01C8 00                  501 	.db #0x00	; 0
   01C9 52                  502 	.db #0x52	; 82	'R'
   01CA 52                  503 	.db #0x52	; 82	'R'
   01CB 52                  504 	.db #0x52	; 82	'R'
   01CC 52                  505 	.db #0x52	; 82	'R'
   01CD 52                  506 	.db #0x52	; 82	'R'
   01CE A1                  507 	.db #0xa1	; 161
   01CF F0                  508 	.db #0xf0	; 240
   01D0 50                  509 	.db #0x50	; 80	'P'
   01D1 A0                  510 	.db #0xa0	; 160
   01D2 00                  511 	.db #0x00	; 0
   01D3 00                  512 	.db #0x00	; 0
   01D4 52                  513 	.db #0x52	; 82	'R'
   01D5 52                  514 	.db #0x52	; 82	'R'
   01D6 52                  515 	.db #0x52	; 82	'R'
   01D7 52                  516 	.db #0x52	; 82	'R'
   01D8 52                  517 	.db #0x52	; 82	'R'
   01D9 52                  518 	.db #0x52	; 82	'R'
   01DA 03                  519 	.db #0x03	; 3
   01DB F0                  520 	.db #0xf0	; 240
   01DC 52                  521 	.db #0x52	; 82	'R'
   01DD 52                  522 	.db #0x52	; 82	'R'
   01DE 52                  523 	.db #0x52	; 82	'R'
   01DF 52                  524 	.db #0x52	; 82	'R'
   01E0 52                  525 	.db #0x52	; 82	'R'
   01E1 52                  526 	.db #0x52	; 82	'R'
   01E2 F0                  527 	.db #0xf0	; 240
   01E3 F0                  528 	.db #0xf0	; 240
   01E4 00                  529 	.db #0x00	; 0
   01E5 00                  530 	.db #0x00	; 0
   01E6 52                  531 	.db #0x52	; 82	'R'
   01E7 00                  532 	.db #0x00	; 0
   01E8 52                  533 	.db #0x52	; 82	'R'
   01E9 00                  534 	.db #0x00	; 0
   01EA 52                  535 	.db #0x52	; 82	'R'
   01EB 00                  536 	.db #0x00	; 0
   01EC 52                  537 	.db #0x52	; 82	'R'
   01ED 00                  538 	.db #0x00	; 0
   01EE 52                  539 	.db #0x52	; 82	'R'
   01EF 00                  540 	.db #0x00	; 0
   01F0 52                  541 	.db #0x52	; 82	'R'
   01F1 00                  542 	.db #0x00	; 0
   01F2 03                  543 	.db #0x03	; 3
   01F3 52                  544 	.db #0x52	; 82	'R'
   01F4 F0                  545 	.db #0xf0	; 240
   01F5 F0                  546 	.db #0xf0	; 240
   01F6 00                  547 	.db #0x00	; 0
   01F7 00                  548 	.db #0x00	; 0
   01F8 52                  549 	.db #0x52	; 82	'R'
   01F9 52                  550 	.db #0x52	; 82	'R'
   01FA 03                  551 	.db #0x03	; 3
   01FB 52                  552 	.db #0x52	; 82	'R'
   01FC 03                  553 	.db #0x03	; 3
   01FD 52                  554 	.db #0x52	; 82	'R'
   01FE 52                  555 	.db #0x52	; 82	'R'
   01FF 52                  556 	.db #0x52	; 82	'R'
   0200 52                  557 	.db #0x52	; 82	'R'
   0201 52                  558 	.db #0x52	; 82	'R'
   0202 52                  559 	.db #0x52	; 82	'R'
   0203 52                  560 	.db #0x52	; 82	'R'
   0204 52                  561 	.db #0x52	; 82	'R'
   0205 52                  562 	.db #0x52	; 82	'R'
   0206 F0                  563 	.db #0xf0	; 240
   0207 F0                  564 	.db #0xf0	; 240
   0208 00                  565 	.db #0x00	; 0
   0209 00                  566 	.db #0x00	; 0
   020A 03                  567 	.db #0x03	; 3
   020B A0                  568 	.db #0xa0	; 160
   020C 52                  569 	.db #0x52	; 82	'R'
   020D 52                  570 	.db #0x52	; 82	'R'
   020E 52                  571 	.db #0x52	; 82	'R'
   020F 52                  572 	.db #0x52	; 82	'R'
   0210 52                  573 	.db #0x52	; 82	'R'
   0211 52                  574 	.db #0x52	; 82	'R'
   0212 52                  575 	.db #0x52	; 82	'R'
   0213 52                  576 	.db #0x52	; 82	'R'
   0214 52                  577 	.db #0x52	; 82	'R'
   0215 52                  578 	.db #0x52	; 82	'R'
   0216 52                  579 	.db #0x52	; 82	'R'
   0217 52                  580 	.db #0x52	; 82	'R'
   0218 F0                  581 	.db #0xf0	; 240
   0219 F0                  582 	.db #0xf0	; 240
   021A 00                  583 	.db #0x00	; 0
   021B 00                  584 	.db #0x00	; 0
   021C 01                  585 	.db #0x01	; 1
   021D A0                  586 	.db #0xa0	; 160
   021E 52                  587 	.db #0x52	; 82	'R'
   021F 52                  588 	.db #0x52	; 82	'R'
   0220 52                  589 	.db #0x52	; 82	'R'
   0221 52                  590 	.db #0x52	; 82	'R'
   0222 52                  591 	.db #0x52	; 82	'R'
   0223 52                  592 	.db #0x52	; 82	'R'
   0224 52                  593 	.db #0x52	; 82	'R'
   0225 52                  594 	.db #0x52	; 82	'R'
   0226 52                  595 	.db #0x52	; 82	'R'
   0227 52                  596 	.db #0x52	; 82	'R'
   0228 A1                  597 	.db #0xa1	; 161
   0229 F0                  598 	.db #0xf0	; 240
   022A 50                  599 	.db #0x50	; 80	'P'
   022B A0                  600 	.db #0xa0	; 160
   022C 00                  601 	.db #0x00	; 0
   022D 00                  602 	.db #0x00	; 0
   022E 03                  603 	.db #0x03	; 3
   022F A0                  604 	.db #0xa0	; 160
   0230 52                  605 	.db #0x52	; 82	'R'
   0231 52                  606 	.db #0x52	; 82	'R'
   0232 52                  607 	.db #0x52	; 82	'R'
   0233 52                  608 	.db #0x52	; 82	'R'
   0234 52                  609 	.db #0x52	; 82	'R'
   0235 52                  610 	.db #0x52	; 82	'R'
   0236 03                  611 	.db #0x03	; 3
   0237 F0                  612 	.db #0xf0	; 240
   0238 52                  613 	.db #0x52	; 82	'R'
   0239 A0                  614 	.db #0xa0	; 160
   023A 52                  615 	.db #0x52	; 82	'R'
   023B 00                  616 	.db #0x00	; 0
   023C F0                  617 	.db #0xf0	; 240
   023D 00                  618 	.db #0x00	; 0
   023E 00                  619 	.db #0x00	; 0
   023F 00                  620 	.db #0x00	; 0
   0240 01                  621 	.db #0x01	; 1
   0241 A0                  622 	.db #0xa0	; 160
   0242 52                  623 	.db #0x52	; 82	'R'
   0243 52                  624 	.db #0x52	; 82	'R'
   0244 52                  625 	.db #0x52	; 82	'R'
   0245 52                  626 	.db #0x52	; 82	'R'
   0246 52                  627 	.db #0x52	; 82	'R'
   0247 52                  628 	.db #0x52	; 82	'R'
   0248 52                  629 	.db #0x52	; 82	'R'
   0249 52                  630 	.db #0x52	; 82	'R'
   024A 03                  631 	.db #0x03	; 3
   024B F0                  632 	.db #0xf0	; 240
   024C A1                  633 	.db #0xa1	; 161
   024D 52                  634 	.db #0x52	; 82	'R'
   024E 50                  635 	.db #0x50	; 80	'P'
   024F F0                  636 	.db #0xf0	; 240
   0250 00                  637 	.db #0x00	; 0
   0251 00                  638 	.db #0x00	; 0
   0252 03                  639 	.db #0x03	; 3
   0253 A0                  640 	.db #0xa0	; 160
   0254 52                  641 	.db #0x52	; 82	'R'
   0255 52                  642 	.db #0x52	; 82	'R'
   0256 52                  643 	.db #0x52	; 82	'R'
   0257 52                  644 	.db #0x52	; 82	'R'
   0258 03                  645 	.db #0x03	; 3
   0259 F0                  646 	.db #0xf0	; 240
   025A 52                  647 	.db #0x52	; 82	'R'
   025B 52                  648 	.db #0x52	; 82	'R'
   025C 52                  649 	.db #0x52	; 82	'R'
   025D 52                  650 	.db #0x52	; 82	'R'
   025E 52                  651 	.db #0x52	; 82	'R'
   025F 52                  652 	.db #0x52	; 82	'R'
   0260 F0                  653 	.db #0xf0	; 240
   0261 F0                  654 	.db #0xf0	; 240
   0262 00                  655 	.db #0x00	; 0
   0263 00                  656 	.db #0x00	; 0
   0264 01                  657 	.db #0x01	; 1
   0265 52                  658 	.db #0x52	; 82	'R'
   0266 52                  659 	.db #0x52	; 82	'R'
   0267 F0                  660 	.db #0xf0	; 240
   0268 52                  661 	.db #0x52	; 82	'R'
   0269 00                  662 	.db #0x00	; 0
   026A 03                  663 	.db #0x03	; 3
   026B A0                  664 	.db #0xa0	; 160
   026C F0                  665 	.db #0xf0	; 240
   026D 52                  666 	.db #0x52	; 82	'R'
   026E 00                  667 	.db #0x00	; 0
   026F 52                  668 	.db #0x52	; 82	'R'
   0270 03                  669 	.db #0x03	; 3
   0271 F0                  670 	.db #0xf0	; 240
   0272 F0                  671 	.db #0xf0	; 240
   0273 A0                  672 	.db #0xa0	; 160
   0274 00                  673 	.db #0x00	; 0
   0275 00                  674 	.db #0x00	; 0
   0276 03                  675 	.db #0x03	; 3
   0277 52                  676 	.db #0x52	; 82	'R'
   0278 A1                  677 	.db #0xa1	; 161
   0279 F0                  678 	.db #0xf0	; 240
   027A 01                  679 	.db #0x01	; 1
   027B A0                  680 	.db #0xa0	; 160
   027C 01                  681 	.db #0x01	; 1
   027D A0                  682 	.db #0xa0	; 160
   027E 01                  683 	.db #0x01	; 1
   027F A0                  684 	.db #0xa0	; 160
   0280 01                  685 	.db #0x01	; 1
   0281 A0                  686 	.db #0xa0	; 160
   0282 01                  687 	.db #0x01	; 1
   0283 A0                  688 	.db #0xa0	; 160
   0284 50                  689 	.db #0x50	; 80	'P'
   0285 A0                  690 	.db #0xa0	; 160
   0286 00                  691 	.db #0x00	; 0
   0287 00                  692 	.db #0x00	; 0
   0288 52                  693 	.db #0x52	; 82	'R'
   0289 52                  694 	.db #0x52	; 82	'R'
   028A 52                  695 	.db #0x52	; 82	'R'
   028B 52                  696 	.db #0x52	; 82	'R'
   028C 52                  697 	.db #0x52	; 82	'R'
   028D 52                  698 	.db #0x52	; 82	'R'
   028E 52                  699 	.db #0x52	; 82	'R'
   028F 52                  700 	.db #0x52	; 82	'R'
   0290 52                  701 	.db #0x52	; 82	'R'
   0291 52                  702 	.db #0x52	; 82	'R'
   0292 52                  703 	.db #0x52	; 82	'R'
   0293 52                  704 	.db #0x52	; 82	'R'
   0294 A1                  705 	.db #0xa1	; 161
   0295 52                  706 	.db #0x52	; 82	'R'
   0296 50                  707 	.db #0x50	; 80	'P'
   0297 F0                  708 	.db #0xf0	; 240
   0298 00                  709 	.db #0x00	; 0
   0299 00                  710 	.db #0x00	; 0
   029A 52                  711 	.db #0x52	; 82	'R'
   029B 52                  712 	.db #0x52	; 82	'R'
   029C 52                  713 	.db #0x52	; 82	'R'
   029D 52                  714 	.db #0x52	; 82	'R'
   029E 52                  715 	.db #0x52	; 82	'R'
   029F 52                  716 	.db #0x52	; 82	'R'
   02A0 52                  717 	.db #0x52	; 82	'R'
   02A1 52                  718 	.db #0x52	; 82	'R'
   02A2 52                  719 	.db #0x52	; 82	'R'
   02A3 52                  720 	.db #0x52	; 82	'R'
   02A4 A1                  721 	.db #0xa1	; 161
   02A5 F0                  722 	.db #0xf0	; 240
   02A6 01                  723 	.db #0x01	; 1
   02A7 A0                  724 	.db #0xa0	; 160
   02A8 50                  725 	.db #0x50	; 80	'P'
   02A9 A0                  726 	.db #0xa0	; 160
   02AA 00                  727 	.db #0x00	; 0
   02AB 00                  728 	.db #0x00	; 0
   02AC 52                  729 	.db #0x52	; 82	'R'
   02AD 52                  730 	.db #0x52	; 82	'R'
   02AE 52                  731 	.db #0x52	; 82	'R'
   02AF 52                  732 	.db #0x52	; 82	'R'
   02B0 52                  733 	.db #0x52	; 82	'R'
   02B1 52                  734 	.db #0x52	; 82	'R'
   02B2 52                  735 	.db #0x52	; 82	'R'
   02B3 52                  736 	.db #0x52	; 82	'R'
   02B4 03                  737 	.db #0x03	; 3
   02B5 52                  738 	.db #0x52	; 82	'R'
   02B6 03                  739 	.db #0x03	; 3
   02B7 52                  740 	.db #0x52	; 82	'R'
   02B8 52                  741 	.db #0x52	; 82	'R'
   02B9 52                  742 	.db #0x52	; 82	'R'
   02BA F0                  743 	.db #0xf0	; 240
   02BB F0                  744 	.db #0xf0	; 240
   02BC 00                  745 	.db #0x00	; 0
   02BD 00                  746 	.db #0x00	; 0
   02BE 52                  747 	.db #0x52	; 82	'R'
   02BF 52                  748 	.db #0x52	; 82	'R'
   02C0 52                  749 	.db #0x52	; 82	'R'
   02C1 52                  750 	.db #0x52	; 82	'R'
   02C2 52                  751 	.db #0x52	; 82	'R'
   02C3 52                  752 	.db #0x52	; 82	'R'
   02C4 A1                  753 	.db #0xa1	; 161
   02C5 F0                  754 	.db #0xf0	; 240
   02C6 52                  755 	.db #0x52	; 82	'R'
   02C7 52                  756 	.db #0x52	; 82	'R'
   02C8 52                  757 	.db #0x52	; 82	'R'
   02C9 52                  758 	.db #0x52	; 82	'R'
   02CA 52                  759 	.db #0x52	; 82	'R'
   02CB 52                  760 	.db #0x52	; 82	'R'
   02CC F0                  761 	.db #0xf0	; 240
   02CD F0                  762 	.db #0xf0	; 240
   02CE 00                  763 	.db #0x00	; 0
   02CF 00                  764 	.db #0x00	; 0
   02D0 52                  765 	.db #0x52	; 82	'R'
   02D1 52                  766 	.db #0x52	; 82	'R'
   02D2 52                  767 	.db #0x52	; 82	'R'
   02D3 52                  768 	.db #0x52	; 82	'R'
   02D4 52                  769 	.db #0x52	; 82	'R'
   02D5 52                  770 	.db #0x52	; 82	'R'
   02D6 03                  771 	.db #0x03	; 3
   02D7 52                  772 	.db #0x52	; 82	'R'
   02D8 A1                  773 	.db #0xa1	; 161
   02D9 F0                  774 	.db #0xf0	; 240
   02DA 01                  775 	.db #0x01	; 1
   02DB A0                  776 	.db #0xa0	; 160
   02DC 01                  777 	.db #0x01	; 1
   02DD A0                  778 	.db #0xa0	; 160
   02DE 50                  779 	.db #0x50	; 80	'P'
   02DF A0                  780 	.db #0xa0	; 160
   02E0 00                  781 	.db #0x00	; 0
   02E1 00                  782 	.db #0x00	; 0
   02E2 03                  783 	.db #0x03	; 3
   02E3 52                  784 	.db #0x52	; 82	'R'
   02E4 F0                  785 	.db #0xf0	; 240
   02E5 52                  786 	.db #0x52	; 82	'R'
   02E6 00                  787 	.db #0x00	; 0
   02E7 52                  788 	.db #0x52	; 82	'R'
   02E8 01                  789 	.db #0x01	; 1
   02E9 F0                  790 	.db #0xf0	; 240
   02EA 52                  791 	.db #0x52	; 82	'R'
   02EB A0                  792 	.db #0xa0	; 160
   02EC 52                  793 	.db #0x52	; 82	'R'
   02ED 00                  794 	.db #0x00	; 0
   02EE 03                  795 	.db #0x03	; 3
   02EF 52                  796 	.db #0x52	; 82	'R'
   02F0 F0                  797 	.db #0xf0	; 240
   02F1 F0                  798 	.db #0xf0	; 240
   02F2 00                  799 	.db #0x00	; 0
   02F3 00                  800 	.db #0x00	; 0
                            801 	.area _INITIALIZER
                            802 	.area _CABS (ABS)
