ASxxxx Assembler V02.00 + NoICE + SDCC mods  (Zilog Z80 / Hitachi HD64180), page 1.
Hexadecimal [16-Bits]



                              1 ;;-----------------------------LICENSE NOTICE------------------------------------
                              2 ;;  This file is part of CPCtelera: An Amstrad CPC Game Engine 
                              3 ;;  Copyright (C) 2018 ronaldo / Fremos / Cheesetea / ByteRealms (@FranGallegoBR)
                              4 ;;
                              5 ;;  This program is free software: you can redistribute it and/or modify
                              6 ;;  it under the terms of the GNU Lesser General Public License as published by
                              7 ;;  the Free Software Foundation, either version 3 of the License, or
                              8 ;;  (at your option) any later version.
                              9 ;;
                             10 ;;  This program is distributed in the hope that it will be useful,
                             11 ;;  but WITHOUT ANY WARRANTY; without even the implied warranty of
                             12 ;;  MERCHANTABILITY or FITNESS FOR A PARTICULAR PURPOSE.  See the
                             13 ;;  GNU Lesser General Public License for more details.
                             14 ;;
                             15 ;;  You should have received a copy of the GNU Lesser General Public License
                             16 ;;  along with this program.  If not, see <http://www.gnu.org/licenses/>.
                             17 ;;-------------------------------------------------------------------------------
                             18 
                             19 .globl str_length
                             20 .globl str_copy
                             21 .globl str_cmp
                             22 .globl draw_string
