ASxxxx Assembler V02.00 + NoICE + SDCC mods  (Zilog Z80 / Hitachi HD64180), page 1.
Hexadecimal [16-Bits]



                              1 ;; 
                              2 ;; Declare all function entry points as global symbols for the compiler.
                              3 ;; (The linker will know what to do with them)
                              4 ;; WARNING: Every global symbol declared will be linked, so DO NOT declare 
                              5 ;; symbols for functions you do not use.
                              6 ;;
                              7 
                              8 .globl cpct_disableFirmware_asm
                              9 .globl cpct_setVideoMode_asm
                             10 .globl cpct_setPalette_asm
                             11 .globl cpct_setPALColour_asm
                             12 .globl cpct_etm_setTileset2x4_asm
                             13 .globl cpct_memset_asm
                             14 .globl cpct_etm_drawTileBox2x4_asm
                             15 .globl Key_CursorLeft
                             16 .globl Key_CursorRight
                             17 .globl cpct_scanKeyboard_asm
                             18 .globl cpct_isKeyPressed_asm
                             19 .globl cpct_waitVSYNC_asm
                             20 .globl cpct_drawSolidBox_asm
                             21 .globl cpct_getScreenPtr_asm
                             22 .globl cpct_setVideoMemoryOffset_asm
                             23 .globl cpct_drawSpriteBlended_asm
                             24 .globl cpct_drawSprite_asm
                             25 .globl cpct_waitHalts_asm
