                              1 ;--------------------------------------------------------
                              2 ; File Created by SDCC : free open source ANSI-C Compiler
                              3 ; Version 3.6.8 #9946 (Linux)
                              4 ;--------------------------------------------------------
                              5 	.module tiles
                              6 	.optsdcc -mz80
                              7 	
                              8 ;--------------------------------------------------------
                              9 ; Public variables in this module
                             10 ;--------------------------------------------------------
                             11 	.globl _g_tiles_119
                             12 	.globl _g_tiles_118
                             13 	.globl _g_tiles_117
                             14 	.globl _g_tiles_116
                             15 	.globl _g_tiles_115
                             16 	.globl _g_tiles_114
                             17 	.globl _g_tiles_113
                             18 	.globl _g_tiles_112
                             19 	.globl _g_tiles_111
                             20 	.globl _g_tiles_110
                             21 	.globl _g_tiles_109
                             22 	.globl _g_tiles_108
                             23 	.globl _g_tiles_107
                             24 	.globl _g_tiles_106
                             25 	.globl _g_tiles_105
                             26 	.globl _g_tiles_104
                             27 	.globl _g_tiles_103
                             28 	.globl _g_tiles_102
                             29 	.globl _g_tiles_101
                             30 	.globl _g_tiles_100
                             31 	.globl _g_tiles_099
                             32 	.globl _g_tiles_098
                             33 	.globl _g_tiles_097
                             34 	.globl _g_tiles_096
                             35 	.globl _g_tiles_095
                             36 	.globl _g_tiles_094
                             37 	.globl _g_tiles_093
                             38 	.globl _g_tiles_092
                             39 	.globl _g_tiles_091
                             40 	.globl _g_tiles_090
                             41 	.globl _g_tiles_089
                             42 	.globl _g_tiles_088
                             43 	.globl _g_tiles_087
                             44 	.globl _g_tiles_086
                             45 	.globl _g_tiles_085
                             46 	.globl _g_tiles_084
                             47 	.globl _g_tiles_083
                             48 	.globl _g_tiles_082
                             49 	.globl _g_tiles_081
                             50 	.globl _g_tiles_080
                             51 	.globl _g_tiles_079
                             52 	.globl _g_tiles_078
                             53 	.globl _g_tiles_077
                             54 	.globl _g_tiles_076
                             55 	.globl _g_tiles_075
                             56 	.globl _g_tiles_074
                             57 	.globl _g_tiles_073
                             58 	.globl _g_tiles_072
                             59 	.globl _g_tiles_071
                             60 	.globl _g_tiles_070
                             61 	.globl _g_tiles_069
                             62 	.globl _g_tiles_068
                             63 	.globl _g_tiles_067
                             64 	.globl _g_tiles_066
                             65 	.globl _g_tiles_065
                             66 	.globl _g_tiles_064
                             67 	.globl _g_tiles_063
                             68 	.globl _g_tiles_062
                             69 	.globl _g_tiles_061
                             70 	.globl _g_tiles_060
                             71 	.globl _g_tiles_059
                             72 	.globl _g_tiles_058
                             73 	.globl _g_tiles_057
                             74 	.globl _g_tiles_056
                             75 	.globl _g_tiles_055
                             76 	.globl _g_tiles_054
                             77 	.globl _g_tiles_053
                             78 	.globl _g_tiles_052
                             79 	.globl _g_tiles_051
                             80 	.globl _g_tiles_050
                             81 	.globl _g_tiles_049
                             82 	.globl _g_tiles_048
                             83 	.globl _g_tiles_047
                             84 	.globl _g_tiles_046
                             85 	.globl _g_tiles_045
                             86 	.globl _g_tiles_044
                             87 	.globl _g_tiles_043
                             88 	.globl _g_tiles_042
                             89 	.globl _g_tiles_041
                             90 	.globl _g_tiles_040
                             91 	.globl _g_tiles_039
                             92 	.globl _g_tiles_038
                             93 	.globl _g_tiles_037
                             94 	.globl _g_tiles_036
                             95 	.globl _g_tiles_035
                             96 	.globl _g_tiles_034
                             97 	.globl _g_tiles_033
                             98 	.globl _g_tiles_032
                             99 	.globl _g_tiles_031
                            100 	.globl _g_tiles_030
                            101 	.globl _g_tiles_029
                            102 	.globl _g_tiles_028
                            103 	.globl _g_tiles_027
                            104 	.globl _g_tiles_026
                            105 	.globl _g_tiles_025
                            106 	.globl _g_tiles_024
                            107 	.globl _g_tiles_023
                            108 	.globl _g_tiles_022
                            109 	.globl _g_tiles_021
                            110 	.globl _g_tiles_020
                            111 	.globl _g_tiles_019
                            112 	.globl _g_tiles_018
                            113 	.globl _g_tiles_017
                            114 	.globl _g_tiles_016
                            115 	.globl _g_tiles_015
                            116 	.globl _g_tiles_014
                            117 	.globl _g_tiles_013
                            118 	.globl _g_tiles_012
                            119 	.globl _g_tiles_011
                            120 	.globl _g_tiles_010
                            121 	.globl _g_tiles_009
                            122 	.globl _g_tiles_008
                            123 	.globl _g_tiles_007
                            124 	.globl _g_tiles_006
                            125 	.globl _g_tiles_005
                            126 	.globl _g_tiles_004
                            127 	.globl _g_tiles_003
                            128 	.globl _g_tiles_002
                            129 	.globl _g_tiles_001
                            130 	.globl _g_tiles_000
                            131 	.globl _g_tileset
                            132 	.globl _g_palette
                            133 ;--------------------------------------------------------
                            134 ; special function registers
                            135 ;--------------------------------------------------------
                            136 ;--------------------------------------------------------
                            137 ; ram data
                            138 ;--------------------------------------------------------
                            139 	.area _DATA
                            140 ;--------------------------------------------------------
                            141 ; ram data
                            142 ;--------------------------------------------------------
                            143 	.area _INITIALIZED
                            144 ;--------------------------------------------------------
                            145 ; absolute external ram data
                            146 ;--------------------------------------------------------
                            147 	.area _DABS (ABS)
                            148 ;--------------------------------------------------------
                            149 ; global & static initialisations
                            150 ;--------------------------------------------------------
                            151 	.area _HOME
                            152 	.area _GSINIT
                            153 	.area _GSFINAL
                            154 	.area _GSINIT
                            155 ;--------------------------------------------------------
                            156 ; Home
                            157 ;--------------------------------------------------------
                            158 	.area _HOME
                            159 	.area _HOME
                            160 ;--------------------------------------------------------
                            161 ; code
                            162 ;--------------------------------------------------------
                            163 	.area _CODE
                            164 	.area _CODE
   0000                     165 _g_palette:
   0000 54                  166 	.db #0x54	; 84	'T'
   0001 4D                  167 	.db #0x4d	; 77	'M'
   0002 40                  168 	.db #0x40	; 64
   0003 5C                  169 	.db #0x5c	; 92
   0004 4C                  170 	.db #0x4c	; 76	'L'
   0005 4E                  171 	.db #0x4e	; 78	'N'
   0006 4A                  172 	.db #0x4a	; 74	'J'
   0007 47                  173 	.db #0x47	; 71	'G'
   0008 56                  174 	.db #0x56	; 86	'V'
   0009 5E                  175 	.db #0x5e	; 94
   000A 53                  176 	.db #0x53	; 83	'S'
   000B 5F                  177 	.db #0x5f	; 95
   000C 55                  178 	.db #0x55	; 85	'U'
   000D 58                  179 	.db #0x58	; 88	'X'
   000E 44                  180 	.db #0x44	; 68	'D'
   000F 4B                  181 	.db #0x4b	; 75	'K'
   0010                     182 _g_tileset:
   0010r00r01               183 	.dw _g_tiles_000
   0012r08r01               184 	.dw _g_tiles_001
   0014r10r01               185 	.dw _g_tiles_002
   0016r18r01               186 	.dw _g_tiles_003
   0018r20r01               187 	.dw _g_tiles_004
   001Ar28r01               188 	.dw _g_tiles_005
   001Cr30r01               189 	.dw _g_tiles_006
   001Er38r01               190 	.dw _g_tiles_007
   0020r40r01               191 	.dw _g_tiles_008
   0022r48r01               192 	.dw _g_tiles_009
   0024r50r01               193 	.dw _g_tiles_010
   0026r58r01               194 	.dw _g_tiles_011
   0028r60r01               195 	.dw _g_tiles_012
   002Ar68r01               196 	.dw _g_tiles_013
   002Cr70r01               197 	.dw _g_tiles_014
   002Er78r01               198 	.dw _g_tiles_015
   0030r80r01               199 	.dw _g_tiles_016
   0032r88r01               200 	.dw _g_tiles_017
   0034r90r01               201 	.dw _g_tiles_018
   0036r98r01               202 	.dw _g_tiles_019
   0038rA0r01               203 	.dw _g_tiles_020
   003ArA8r01               204 	.dw _g_tiles_021
   003CrB0r01               205 	.dw _g_tiles_022
   003ErB8r01               206 	.dw _g_tiles_023
   0040rC0r01               207 	.dw _g_tiles_024
   0042rC8r01               208 	.dw _g_tiles_025
   0044rD0r01               209 	.dw _g_tiles_026
   0046rD8r01               210 	.dw _g_tiles_027
   0048rE0r01               211 	.dw _g_tiles_028
   004ArE8r01               212 	.dw _g_tiles_029
   004CrF0r01               213 	.dw _g_tiles_030
   004ErF8r01               214 	.dw _g_tiles_031
   0050r00r02               215 	.dw _g_tiles_032
   0052r08r02               216 	.dw _g_tiles_033
   0054r10r02               217 	.dw _g_tiles_034
   0056r18r02               218 	.dw _g_tiles_035
   0058r20r02               219 	.dw _g_tiles_036
   005Ar28r02               220 	.dw _g_tiles_037
   005Cr30r02               221 	.dw _g_tiles_038
   005Er38r02               222 	.dw _g_tiles_039
   0060r40r02               223 	.dw _g_tiles_040
   0062r48r02               224 	.dw _g_tiles_041
   0064r50r02               225 	.dw _g_tiles_042
   0066r58r02               226 	.dw _g_tiles_043
   0068r60r02               227 	.dw _g_tiles_044
   006Ar68r02               228 	.dw _g_tiles_045
   006Cr70r02               229 	.dw _g_tiles_046
   006Er78r02               230 	.dw _g_tiles_047
   0070r80r02               231 	.dw _g_tiles_048
   0072r88r02               232 	.dw _g_tiles_049
   0074r90r02               233 	.dw _g_tiles_050
   0076r98r02               234 	.dw _g_tiles_051
   0078rA0r02               235 	.dw _g_tiles_052
   007ArA8r02               236 	.dw _g_tiles_053
   007CrB0r02               237 	.dw _g_tiles_054
   007ErB8r02               238 	.dw _g_tiles_055
   0080rC0r02               239 	.dw _g_tiles_056
   0082rC8r02               240 	.dw _g_tiles_057
   0084rD0r02               241 	.dw _g_tiles_058
   0086rD8r02               242 	.dw _g_tiles_059
   0088rE0r02               243 	.dw _g_tiles_060
   008ArE8r02               244 	.dw _g_tiles_061
   008CrF0r02               245 	.dw _g_tiles_062
   008ErF8r02               246 	.dw _g_tiles_063
   0090r00r03               247 	.dw _g_tiles_064
   0092r08r03               248 	.dw _g_tiles_065
   0094r10r03               249 	.dw _g_tiles_066
   0096r18r03               250 	.dw _g_tiles_067
   0098r20r03               251 	.dw _g_tiles_068
   009Ar28r03               252 	.dw _g_tiles_069
   009Cr30r03               253 	.dw _g_tiles_070
   009Er38r03               254 	.dw _g_tiles_071
   00A0r40r03               255 	.dw _g_tiles_072
   00A2r48r03               256 	.dw _g_tiles_073
   00A4r50r03               257 	.dw _g_tiles_074
   00A6r58r03               258 	.dw _g_tiles_075
   00A8r60r03               259 	.dw _g_tiles_076
   00AAr68r03               260 	.dw _g_tiles_077
   00ACr70r03               261 	.dw _g_tiles_078
   00AEr78r03               262 	.dw _g_tiles_079
   00B0r80r03               263 	.dw _g_tiles_080
   00B2r88r03               264 	.dw _g_tiles_081
   00B4r90r03               265 	.dw _g_tiles_082
   00B6r98r03               266 	.dw _g_tiles_083
   00B8rA0r03               267 	.dw _g_tiles_084
   00BArA8r03               268 	.dw _g_tiles_085
   00BCrB0r03               269 	.dw _g_tiles_086
   00BErB8r03               270 	.dw _g_tiles_087
   00C0rC0r03               271 	.dw _g_tiles_088
   00C2rC8r03               272 	.dw _g_tiles_089
   00C4rD0r03               273 	.dw _g_tiles_090
   00C6rD8r03               274 	.dw _g_tiles_091
   00C8rE0r03               275 	.dw _g_tiles_092
   00CArE8r03               276 	.dw _g_tiles_093
   00CCrF0r03               277 	.dw _g_tiles_094
   00CErF8r03               278 	.dw _g_tiles_095
   00D0r00r04               279 	.dw _g_tiles_096
   00D2r08r04               280 	.dw _g_tiles_097
   00D4r10r04               281 	.dw _g_tiles_098
   00D6r18r04               282 	.dw _g_tiles_099
   00D8r20r04               283 	.dw _g_tiles_100
   00DAr28r04               284 	.dw _g_tiles_101
   00DCr30r04               285 	.dw _g_tiles_102
   00DEr38r04               286 	.dw _g_tiles_103
   00E0r40r04               287 	.dw _g_tiles_104
   00E2r48r04               288 	.dw _g_tiles_105
   00E4r50r04               289 	.dw _g_tiles_106
   00E6r58r04               290 	.dw _g_tiles_107
   00E8r60r04               291 	.dw _g_tiles_108
   00EAr68r04               292 	.dw _g_tiles_109
   00ECr70r04               293 	.dw _g_tiles_110
   00EEr78r04               294 	.dw _g_tiles_111
   00F0r80r04               295 	.dw _g_tiles_112
   00F2r88r04               296 	.dw _g_tiles_113
   00F4r90r04               297 	.dw _g_tiles_114
   00F6r98r04               298 	.dw _g_tiles_115
   00F8rA0r04               299 	.dw _g_tiles_116
   00FArA8r04               300 	.dw _g_tiles_117
   00FCrB0r04               301 	.dw _g_tiles_118
   00FErB8r04               302 	.dw _g_tiles_119
   0100                     303 _g_tiles_000:
   0100 30                  304 	.db #0x30	; 48	'0'
   0101 30                  305 	.db #0x30	; 48	'0'
   0102 30                  306 	.db #0x30	; 48	'0'
   0103 30                  307 	.db #0x30	; 48	'0'
   0104 30                  308 	.db #0x30	; 48	'0'
   0105 30                  309 	.db #0x30	; 48	'0'
   0106 30                  310 	.db #0x30	; 48	'0'
   0107 30                  311 	.db #0x30	; 48	'0'
   0108                     312 _g_tiles_001:
   0108 30                  313 	.db #0x30	; 48	'0'
   0109 30                  314 	.db #0x30	; 48	'0'
   010A 30                  315 	.db #0x30	; 48	'0'
   010B 30                  316 	.db #0x30	; 48	'0'
   010C 30                  317 	.db #0x30	; 48	'0'
   010D 30                  318 	.db #0x30	; 48	'0'
   010E 30                  319 	.db #0x30	; 48	'0'
   010F 30                  320 	.db #0x30	; 48	'0'
   0110                     321 _g_tiles_002:
   0110 30                  322 	.db #0x30	; 48	'0'
   0111 30                  323 	.db #0x30	; 48	'0'
   0112 30                  324 	.db #0x30	; 48	'0'
   0113 30                  325 	.db #0x30	; 48	'0'
   0114 30                  326 	.db #0x30	; 48	'0'
   0115 30                  327 	.db #0x30	; 48	'0'
   0116 30                  328 	.db #0x30	; 48	'0'
   0117 30                  329 	.db #0x30	; 48	'0'
   0118                     330 _g_tiles_003:
   0118 30                  331 	.db #0x30	; 48	'0'
   0119 30                  332 	.db #0x30	; 48	'0'
   011A 30                  333 	.db #0x30	; 48	'0'
   011B 30                  334 	.db #0x30	; 48	'0'
   011C 30                  335 	.db #0x30	; 48	'0'
   011D 30                  336 	.db #0x30	; 48	'0'
   011E 30                  337 	.db #0x30	; 48	'0'
   011F 30                  338 	.db #0x30	; 48	'0'
   0120                     339 _g_tiles_004:
   0120 30                  340 	.db #0x30	; 48	'0'
   0121 30                  341 	.db #0x30	; 48	'0'
   0122 30                  342 	.db #0x30	; 48	'0'
   0123 30                  343 	.db #0x30	; 48	'0'
   0124 30                  344 	.db #0x30	; 48	'0'
   0125 30                  345 	.db #0x30	; 48	'0'
   0126 30                  346 	.db #0x30	; 48	'0'
   0127 30                  347 	.db #0x30	; 48	'0'
   0128                     348 _g_tiles_005:
   0128 30                  349 	.db #0x30	; 48	'0'
   0129 30                  350 	.db #0x30	; 48	'0'
   012A 30                  351 	.db #0x30	; 48	'0'
   012B 30                  352 	.db #0x30	; 48	'0'
   012C 30                  353 	.db #0x30	; 48	'0'
   012D 30                  354 	.db #0x30	; 48	'0'
   012E 30                  355 	.db #0x30	; 48	'0'
   012F 30                  356 	.db #0x30	; 48	'0'
   0130                     357 _g_tiles_006:
   0130 00                  358 	.db #0x00	; 0
   0131 0C                  359 	.db #0x0c	; 12
   0132 00                  360 	.db #0x00	; 0
   0133 0C                  361 	.db #0x0c	; 12
   0134 00                  362 	.db #0x00	; 0
   0135 04                  363 	.db #0x04	; 4
   0136 00                  364 	.db #0x00	; 0
   0137 0C                  365 	.db #0x0c	; 12
   0138                     366 _g_tiles_007:
   0138 00                  367 	.db #0x00	; 0
   0139 08                  368 	.db #0x08	; 8
   013A 04                  369 	.db #0x04	; 4
   013B 08                  370 	.db #0x08	; 8
   013C 0C                  371 	.db #0x0c	; 12
   013D 00                  372 	.db #0x00	; 0
   013E 08                  373 	.db #0x08	; 8
   013F 00                  374 	.db #0x00	; 0
   0140                     375 _g_tiles_008:
   0140 00                  376 	.db #0x00	; 0
   0141 C3                  377 	.db #0xc3	; 195
   0142 86                  378 	.db #0x86	; 134
   0143 02                  379 	.db #0x02	; 2
   0144 04                  380 	.db #0x04	; 4
   0145 00                  381 	.db #0x00	; 0
   0146 04                  382 	.db #0x04	; 4
   0147 00                  383 	.db #0x00	; 0
   0148                     384 _g_tiles_009:
   0148 41                  385 	.db #0x41	; 65	'A'
   0149 88                  386 	.db #0x88	; 136
   014A 41                  387 	.db #0x41	; 65	'A'
   014B 82                  388 	.db #0x82	; 130
   014C 41                  389 	.db #0x41	; 65	'A'
   014D 82                  390 	.db #0x82	; 130
   014E 41                  391 	.db #0x41	; 65	'A'
   014F 88                  392 	.db #0x88	; 136
   0150                     393 _g_tiles_010:
   0150 00                  394 	.db #0x00	; 0
   0151 0C                  395 	.db #0x0c	; 12
   0152 04                  396 	.db #0x04	; 4
   0153 0C                  397 	.db #0x0c	; 12
   0154 04                  398 	.db #0x04	; 4
   0155 0C                  399 	.db #0x0c	; 12
   0156 04                  400 	.db #0x04	; 4
   0157 00                  401 	.db #0x00	; 0
   0158                     402 _g_tiles_011:
   0158 08                  403 	.db #0x08	; 8
   0159 00                  404 	.db #0x00	; 0
   015A 0C                  405 	.db #0x0c	; 12
   015B 00                  406 	.db #0x00	; 0
   015C 0C                  407 	.db #0x0c	; 12
   015D 08                  408 	.db #0x08	; 8
   015E 04                  409 	.db #0x04	; 4
   015F 08                  410 	.db #0x08	; 8
   0160                     411 _g_tiles_012:
   0160 04                  412 	.db #0x04	; 4
   0161 04                  413 	.db #0x04	; 4
   0162 00                  414 	.db #0x00	; 0
   0163 00                  415 	.db #0x00	; 0
   0164 0C                  416 	.db #0x0c	; 12
   0165 0C                  417 	.db #0x0c	; 12
   0166 00                  418 	.db #0x00	; 0
   0167 00                  419 	.db #0x00	; 0
   0168                     420 _g_tiles_013:
   0168 00                  421 	.db #0x00	; 0
   0169 00                  422 	.db #0x00	; 0
   016A 04                  423 	.db #0x04	; 4
   016B 04                  424 	.db #0x04	; 4
   016C 00                  425 	.db #0x00	; 0
   016D 00                  426 	.db #0x00	; 0
   016E 0C                  427 	.db #0x0c	; 12
   016F 0C                  428 	.db #0x0c	; 12
   0170                     429 _g_tiles_014:
   0170 00                  430 	.db #0x00	; 0
   0171 04                  431 	.db #0x04	; 4
   0172 00                  432 	.db #0x00	; 0
   0173 04                  433 	.db #0x04	; 4
   0174 00                  434 	.db #0x00	; 0
   0175 0C                  435 	.db #0x0c	; 12
   0176 00                  436 	.db #0x00	; 0
   0177 0C                  437 	.db #0x0c	; 12
   0178                     438 _g_tiles_015:
   0178 08                  439 	.db #0x08	; 8
   0179 00                  440 	.db #0x00	; 0
   017A 08                  441 	.db #0x08	; 8
   017B 00                  442 	.db #0x00	; 0
   017C 0C                  443 	.db #0x0c	; 12
   017D 00                  444 	.db #0x00	; 0
   017E 0C                  445 	.db #0x0c	; 12
   017F 00                  446 	.db #0x00	; 0
   0180                     447 _g_tiles_016:
   0180 04                  448 	.db #0x04	; 4
   0181 0C                  449 	.db #0x0c	; 12
   0182 04                  450 	.db #0x04	; 4
   0183 00                  451 	.db #0x00	; 0
   0184 00                  452 	.db #0x00	; 0
   0185 00                  453 	.db #0x00	; 0
   0186 00                  454 	.db #0x00	; 0
   0187 00                  455 	.db #0x00	; 0
   0188                     456 _g_tiles_017:
   0188 08                  457 	.db #0x08	; 8
   0189 00                  458 	.db #0x00	; 0
   018A 0C                  459 	.db #0x0c	; 12
   018B 00                  460 	.db #0x00	; 0
   018C 0C                  461 	.db #0x0c	; 12
   018D 00                  462 	.db #0x00	; 0
   018E 04                  463 	.db #0x04	; 4
   018F 08                  464 	.db #0x08	; 8
   0190                     465 _g_tiles_018:
   0190 82                  466 	.db #0x82	; 130
   0191 82                  467 	.db #0x82	; 130
   0192 C9                  468 	.db #0xc9	; 201
   0193 02                  469 	.db #0x02	; 2
   0194 00                  470 	.db #0x00	; 0
   0195 49                  471 	.db #0x49	; 73	'I'
   0196 04                  472 	.db #0x04	; 4
   0197 44                  473 	.db #0x44	; 68	'D'
   0198                     474 _g_tiles_019:
   0198 C9                  475 	.db #0xc9	; 201
   0199 00                  476 	.db #0x00	; 0
   019A C3                  477 	.db #0xc3	; 195
   019B 00                  478 	.db #0x00	; 0
   019C C6                  479 	.db #0xc6	; 198
   019D 00                  480 	.db #0x00	; 0
   019E C3                  481 	.db #0xc3	; 195
   019F 00                  482 	.db #0x00	; 0
   01A0                     483 _g_tiles_020:
   01A0 04                  484 	.db #0x04	; 4
   01A1 04                  485 	.db #0x04	; 4
   01A2 04                  486 	.db #0x04	; 4
   01A3 0C                  487 	.db #0x0c	; 12
   01A4 04                  488 	.db #0x04	; 4
   01A5 0C                  489 	.db #0x0c	; 12
   01A6 04                  490 	.db #0x04	; 4
   01A7 04                  491 	.db #0x04	; 4
   01A8                     492 _g_tiles_021:
   01A8 0C                  493 	.db #0x0c	; 12
   01A9 08                  494 	.db #0x08	; 8
   01AA 0C                  495 	.db #0x0c	; 12
   01AB 08                  496 	.db #0x08	; 8
   01AC 0C                  497 	.db #0x0c	; 12
   01AD 08                  498 	.db #0x08	; 8
   01AE 04                  499 	.db #0x04	; 4
   01AF 08                  500 	.db #0x08	; 8
   01B0                     501 _g_tiles_022:
   01B0 04                  502 	.db #0x04	; 4
   01B1 04                  503 	.db #0x04	; 4
   01B2 04                  504 	.db #0x04	; 4
   01B3 04                  505 	.db #0x04	; 4
   01B4 04                  506 	.db #0x04	; 4
   01B5 04                  507 	.db #0x04	; 4
   01B6 04                  508 	.db #0x04	; 4
   01B7 04                  509 	.db #0x04	; 4
   01B8                     510 _g_tiles_023:
   01B8 00                  511 	.db #0x00	; 0
   01B9 00                  512 	.db #0x00	; 0
   01BA 04                  513 	.db #0x04	; 4
   01BB 04                  514 	.db #0x04	; 4
   01BC 04                  515 	.db #0x04	; 4
   01BD 04                  516 	.db #0x04	; 4
   01BE 00                  517 	.db #0x00	; 0
   01BF 04                  518 	.db #0x04	; 4
   01C0                     519 _g_tiles_024:
   01C0 00                  520 	.db #0x00	; 0
   01C1 04                  521 	.db #0x04	; 4
   01C2 00                  522 	.db #0x00	; 0
   01C3 04                  523 	.db #0x04	; 4
   01C4 00                  524 	.db #0x00	; 0
   01C5 00                  525 	.db #0x00	; 0
   01C6 04                  526 	.db #0x04	; 4
   01C7 0C                  527 	.db #0x0c	; 12
   01C8                     528 _g_tiles_025:
   01C8 08                  529 	.db #0x08	; 8
   01C9 00                  530 	.db #0x00	; 0
   01CA 08                  531 	.db #0x08	; 8
   01CB 00                  532 	.db #0x00	; 0
   01CC 00                  533 	.db #0x00	; 0
   01CD 00                  534 	.db #0x00	; 0
   01CE 0C                  535 	.db #0x0c	; 12
   01CF 00                  536 	.db #0x00	; 0
   01D0                     537 _g_tiles_026:
   01D0 30                  538 	.db #0x30	; 48	'0'
   01D1 30                  539 	.db #0x30	; 48	'0'
   01D2 30                  540 	.db #0x30	; 48	'0'
   01D3 30                  541 	.db #0x30	; 48	'0'
   01D4 30                  542 	.db #0x30	; 48	'0'
   01D5 30                  543 	.db #0x30	; 48	'0'
   01D6 30                  544 	.db #0x30	; 48	'0'
   01D7 30                  545 	.db #0x30	; 48	'0'
   01D8                     546 _g_tiles_027:
   01D8 30                  547 	.db #0x30	; 48	'0'
   01D9 30                  548 	.db #0x30	; 48	'0'
   01DA 30                  549 	.db #0x30	; 48	'0'
   01DB 30                  550 	.db #0x30	; 48	'0'
   01DC 30                  551 	.db #0x30	; 48	'0'
   01DD 30                  552 	.db #0x30	; 48	'0'
   01DE 30                  553 	.db #0x30	; 48	'0'
   01DF 30                  554 	.db #0x30	; 48	'0'
   01E0                     555 _g_tiles_028:
   01E0 04                  556 	.db #0x04	; 4
   01E1 00                  557 	.db #0x00	; 0
   01E2 00                  558 	.db #0x00	; 0
   01E3 08                  559 	.db #0x08	; 8
   01E4 00                  560 	.db #0x00	; 0
   01E5 08                  561 	.db #0x08	; 8
   01E6 00                  562 	.db #0x00	; 0
   01E7 00                  563 	.db #0x00	; 0
   01E8                     564 _g_tiles_029:
   01E8 C3                  565 	.db #0xc3	; 195
   01E9 00                  566 	.db #0x00	; 0
   01EA 41                  567 	.db #0x41	; 65	'A'
   01EB 88                  568 	.db #0x88	; 136
   01EC 41                  569 	.db #0x41	; 65	'A'
   01ED 82                  570 	.db #0x82	; 130
   01EE 41                  571 	.db #0x41	; 65	'A'
   01EF 82                  572 	.db #0x82	; 130
   01F0                     573 _g_tiles_030:
   01F0 00                  574 	.db #0x00	; 0
   01F1 08                  575 	.db #0x08	; 8
   01F2 0C                  576 	.db #0x0c	; 12
   01F3 04                  577 	.db #0x04	; 4
   01F4 0C                  578 	.db #0x0c	; 12
   01F5 03                  579 	.db #0x03	; 3
   01F6 01                  580 	.db #0x01	; 1
   01F7 01                  581 	.db #0x01	; 1
   01F8                     582 _g_tiles_031:
   01F8 08                  583 	.db #0x08	; 8
   01F9 00                  584 	.db #0x00	; 0
   01FA 06                  585 	.db #0x06	; 6
   01FB 08                  586 	.db #0x08	; 8
   01FC 09                  587 	.db #0x09	; 9
   01FD 04                  588 	.db #0x04	; 4
   01FE 00                  589 	.db #0x00	; 0
   01FF 02                  590 	.db #0x02	; 2
   0200                     591 _g_tiles_032:
   0200 00                  592 	.db #0x00	; 0
   0201 00                  593 	.db #0x00	; 0
   0202 08                  594 	.db #0x08	; 8
   0203 0C                  595 	.db #0x0c	; 12
   0204 06                  596 	.db #0x06	; 6
   0205 02                  597 	.db #0x02	; 2
   0206 00                  598 	.db #0x00	; 0
   0207 01                  599 	.db #0x01	; 1
   0208                     600 _g_tiles_033:
   0208 04                  601 	.db #0x04	; 4
   0209 00                  602 	.db #0x00	; 0
   020A 08                  603 	.db #0x08	; 8
   020B 0C                  604 	.db #0x0c	; 12
   020C 0C                  605 	.db #0x0c	; 12
   020D 02                  606 	.db #0x02	; 2
   020E 00                  607 	.db #0x00	; 0
   020F 00                  608 	.db #0x00	; 0
   0210                     609 _g_tiles_034:
   0210 04                  610 	.db #0x04	; 4
   0211 0C                  611 	.db #0x0c	; 12
   0212 04                  612 	.db #0x04	; 4
   0213 00                  613 	.db #0x00	; 0
   0214 04                  614 	.db #0x04	; 4
   0215 04                  615 	.db #0x04	; 4
   0216 04                  616 	.db #0x04	; 4
   0217 0C                  617 	.db #0x0c	; 12
   0218                     618 _g_tiles_035:
   0218 0C                  619 	.db #0x0c	; 12
   0219 08                  620 	.db #0x08	; 8
   021A 04                  621 	.db #0x04	; 4
   021B 08                  622 	.db #0x08	; 8
   021C 0C                  623 	.db #0x0c	; 12
   021D 08                  624 	.db #0x08	; 8
   021E 04                  625 	.db #0x04	; 4
   021F 08                  626 	.db #0x08	; 8
   0220                     627 _g_tiles_036:
   0220 00                  628 	.db #0x00	; 0
   0221 00                  629 	.db #0x00	; 0
   0222 00                  630 	.db #0x00	; 0
   0223 00                  631 	.db #0x00	; 0
   0224 00                  632 	.db #0x00	; 0
   0225 00                  633 	.db #0x00	; 0
   0226 00                  634 	.db #0x00	; 0
   0227 00                  635 	.db #0x00	; 0
   0228                     636 _g_tiles_037:
   0228 30                  637 	.db #0x30	; 48	'0'
   0229 30                  638 	.db #0x30	; 48	'0'
   022A 30                  639 	.db #0x30	; 48	'0'
   022B 30                  640 	.db #0x30	; 48	'0'
   022C 30                  641 	.db #0x30	; 48	'0'
   022D 30                  642 	.db #0x30	; 48	'0'
   022E 30                  643 	.db #0x30	; 48	'0'
   022F 30                  644 	.db #0x30	; 48	'0'
   0230                     645 _g_tiles_038:
   0230 00                  646 	.db #0x00	; 0
   0231 41                  647 	.db #0x41	; 65	'A'
   0232 01                  648 	.db #0x01	; 1
   0233 C3                  649 	.db #0xc3	; 195
   0234 04                  650 	.db #0x04	; 4
   0235 88                  651 	.db #0x88	; 136
   0236 00                  652 	.db #0x00	; 0
   0237 08                  653 	.db #0x08	; 8
   0238                     654 _g_tiles_039:
   0238 44                  655 	.db #0x44	; 68	'D'
   0239 82                  656 	.db #0x82	; 130
   023A 00                  657 	.db #0x00	; 0
   023B C3                  658 	.db #0xc3	; 195
   023C 00                  659 	.db #0x00	; 0
   023D C3                  660 	.db #0xc3	; 195
   023E 00                  661 	.db #0x00	; 0
   023F C9                  662 	.db #0xc9	; 201
   0240                     663 _g_tiles_040:
   0240 03                  664 	.db #0x03	; 3
   0241 01                  665 	.db #0x01	; 1
   0242 03                  666 	.db #0x03	; 3
   0243 02                  667 	.db #0x02	; 2
   0244 01                  668 	.db #0x01	; 1
   0245 03                  669 	.db #0x03	; 3
   0246 03                  670 	.db #0x03	; 3
   0247 03                  671 	.db #0x03	; 3
   0248                     672 _g_tiles_041:
   0248 02                  673 	.db #0x02	; 2
   0249 02                  674 	.db #0x02	; 2
   024A 02                  675 	.db #0x02	; 2
   024B 03                  676 	.db #0x03	; 3
   024C 01                  677 	.db #0x01	; 1
   024D 03                  678 	.db #0x03	; 3
   024E 03                  679 	.db #0x03	; 3
   024F 02                  680 	.db #0x02	; 2
   0250                     681 _g_tiles_042:
   0250 03                  682 	.db #0x03	; 3
   0251 00                  683 	.db #0x00	; 0
   0252 01                  684 	.db #0x01	; 1
   0253 00                  685 	.db #0x00	; 0
   0254 A0                  686 	.db #0xa0	; 160
   0255 A1                  687 	.db #0xa1	; 161
   0256 A0                  688 	.db #0xa0	; 160
   0257 A1                  689 	.db #0xa1	; 161
   0258                     690 _g_tiles_043:
   0258 00                  691 	.db #0x00	; 0
   0259 04                  692 	.db #0x04	; 4
   025A 04                  693 	.db #0x04	; 4
   025B FF                  694 	.db #0xff	; 255
   025C 55                  695 	.db #0x55	; 85	'U'
   025D FF                  696 	.db #0xff	; 255
   025E 55                  697 	.db #0x55	; 85	'U'
   025F 0C                  698 	.db #0x0c	; 12
   0260                     699 _g_tiles_044:
   0260 5D                  700 	.db #0x5d	; 93
   0261 FF                  701 	.db #0xff	; 255
   0262 FF                  702 	.db #0xff	; 255
   0263 FF                  703 	.db #0xff	; 255
   0264 FF                  704 	.db #0xff	; 255
   0265 FF                  705 	.db #0xff	; 255
   0266 0C                  706 	.db #0x0c	; 12
   0267 0C                  707 	.db #0x0c	; 12
   0268                     708 _g_tiles_045:
   0268 08                  709 	.db #0x08	; 8
   0269 00                  710 	.db #0x00	; 0
   026A 0C                  711 	.db #0x0c	; 12
   026B 00                  712 	.db #0x00	; 0
   026C FF                  713 	.db #0xff	; 255
   026D 08                  714 	.db #0x08	; 8
   026E 5D                  715 	.db #0x5d	; 93
   026F 08                  716 	.db #0x08	; 8
   0270                     717 _g_tiles_046:
   0270 00                  718 	.db #0x00	; 0
   0271 04                  719 	.db #0x04	; 4
   0272 00                  720 	.db #0x00	; 0
   0273 04                  721 	.db #0x04	; 4
   0274 04                  722 	.db #0x04	; 4
   0275 0C                  723 	.db #0x0c	; 12
   0276 04                  724 	.db #0x04	; 4
   0277 0C                  725 	.db #0x0c	; 12
   0278                     726 _g_tiles_047:
   0278 08                  727 	.db #0x08	; 8
   0279 00                  728 	.db #0x00	; 0
   027A 08                  729 	.db #0x08	; 8
   027B 00                  730 	.db #0x00	; 0
   027C 0C                  731 	.db #0x0c	; 12
   027D 08                  732 	.db #0x08	; 8
   027E 0C                  733 	.db #0x0c	; 12
   027F 08                  734 	.db #0x08	; 8
   0280                     735 _g_tiles_048:
   0280 30                  736 	.db #0x30	; 48	'0'
   0281 30                  737 	.db #0x30	; 48	'0'
   0282 30                  738 	.db #0x30	; 48	'0'
   0283 30                  739 	.db #0x30	; 48	'0'
   0284 30                  740 	.db #0x30	; 48	'0'
   0285 30                  741 	.db #0x30	; 48	'0'
   0286 30                  742 	.db #0x30	; 48	'0'
   0287 30                  743 	.db #0x30	; 48	'0'
   0288                     744 _g_tiles_049:
   0288 30                  745 	.db #0x30	; 48	'0'
   0289 30                  746 	.db #0x30	; 48	'0'
   028A 30                  747 	.db #0x30	; 48	'0'
   028B 30                  748 	.db #0x30	; 48	'0'
   028C 30                  749 	.db #0x30	; 48	'0'
   028D 30                  750 	.db #0x30	; 48	'0'
   028E 30                  751 	.db #0x30	; 48	'0'
   028F 30                  752 	.db #0x30	; 48	'0'
   0290                     753 _g_tiles_050:
   0290 03                  754 	.db #0x03	; 3
   0291 02                  755 	.db #0x02	; 2
   0292 03                  756 	.db #0x03	; 3
   0293 03                  757 	.db #0x03	; 3
   0294 03                  758 	.db #0x03	; 3
   0295 03                  759 	.db #0x03	; 3
   0296 02                  760 	.db #0x02	; 2
   0297 03                  761 	.db #0x03	; 3
   0298                     762 _g_tiles_051:
   0298 03                  763 	.db #0x03	; 3
   0299 02                  764 	.db #0x02	; 2
   029A 02                  765 	.db #0x02	; 2
   029B 03                  766 	.db #0x03	; 3
   029C 01                  767 	.db #0x01	; 1
   029D 03                  768 	.db #0x03	; 3
   029E 01                  769 	.db #0x01	; 1
   029F 03                  770 	.db #0x03	; 3
   02A0                     771 _g_tiles_052:
   02A0 00                  772 	.db #0x00	; 0
   02A1 03                  773 	.db #0x03	; 3
   02A2 01                  774 	.db #0x01	; 1
   02A3 02                  775 	.db #0x02	; 2
   02A4 50                  776 	.db #0x50	; 80	'P'
   02A5 50                  777 	.db #0x50	; 80	'P'
   02A6 50                  778 	.db #0x50	; 80	'P'
   02A7 54                  779 	.db #0x54	; 84	'T'
   02A8                     780 _g_tiles_053:
   02A8 55                  781 	.db #0x55	; 85	'U'
   02A9 0C                  782 	.db #0x0c	; 12
   02AA 55                  783 	.db #0x55	; 85	'U'
   02AB 0C                  784 	.db #0x0c	; 12
   02AC 55                  785 	.db #0x55	; 85	'U'
   02AD 0C                  786 	.db #0x0c	; 12
   02AE 55                  787 	.db #0x55	; 85	'U'
   02AF 0C                  788 	.db #0x0c	; 12
   02B0                     789 _g_tiles_054:
   02B0 0C                  790 	.db #0x0c	; 12
   02B1 0C                  791 	.db #0x0c	; 12
   02B2 0C                  792 	.db #0x0c	; 12
   02B3 0C                  793 	.db #0x0c	; 12
   02B4 0C                  794 	.db #0x0c	; 12
   02B5 0C                  795 	.db #0x0c	; 12
   02B6 FF                  796 	.db #0xff	; 255
   02B7 AE                  797 	.db #0xae	; 174
   02B8                     798 _g_tiles_055:
   02B8 5D                  799 	.db #0x5d	; 93
   02B9 08                  800 	.db #0x08	; 8
   02BA 5D                  801 	.db #0x5d	; 93
   02BB 08                  802 	.db #0x08	; 8
   02BC 5D                  803 	.db #0x5d	; 93
   02BD 08                  804 	.db #0x08	; 8
   02BE FF                  805 	.db #0xff	; 255
   02BF 08                  806 	.db #0x08	; 8
   02C0                     807 _g_tiles_056:
   02C0 00                  808 	.db #0x00	; 0
   02C1 04                  809 	.db #0x04	; 4
   02C2 00                  810 	.db #0x00	; 0
   02C3 04                  811 	.db #0x04	; 4
   02C4 00                  812 	.db #0x00	; 0
   02C5 04                  813 	.db #0x04	; 4
   02C6 00                  814 	.db #0x00	; 0
   02C7 04                  815 	.db #0x04	; 4
   02C8                     816 _g_tiles_057:
   02C8 08                  817 	.db #0x08	; 8
   02C9 00                  818 	.db #0x00	; 0
   02CA 08                  819 	.db #0x08	; 8
   02CB 00                  820 	.db #0x00	; 0
   02CC 08                  821 	.db #0x08	; 8
   02CD 00                  822 	.db #0x00	; 0
   02CE 08                  823 	.db #0x08	; 8
   02CF 00                  824 	.db #0x00	; 0
   02D0                     825 _g_tiles_058:
   02D0 44                  826 	.db #0x44	; 68	'D'
   02D1 00                  827 	.db #0x00	; 0
   02D2 FC                  828 	.db #0xfc	; 252
   02D3 FC                  829 	.db #0xfc	; 252
   02D4 44                  830 	.db #0x44	; 68	'D'
   02D5 00                  831 	.db #0x00	; 0
   02D6 54                  832 	.db #0x54	; 84	'T'
   02D7 44                  833 	.db #0x44	; 68	'D'
   02D8                     834 _g_tiles_059:
   02D8 00                  835 	.db #0x00	; 0
   02D9 88                  836 	.db #0x88	; 136
   02DA FC                  837 	.db #0xfc	; 252
   02DB FC                  838 	.db #0xfc	; 252
   02DC 00                  839 	.db #0x00	; 0
   02DD 88                  840 	.db #0x88	; 136
   02DE 88                  841 	.db #0x88	; 136
   02DF A8                  842 	.db #0xa8	; 168
   02E0                     843 _g_tiles_060:
   02E0 03                  844 	.db #0x03	; 3
   02E1 01                  845 	.db #0x01	; 1
   02E2 03                  846 	.db #0x03	; 3
   02E3 01                  847 	.db #0x01	; 1
   02E4 01                  848 	.db #0x01	; 1
   02E5 02                  849 	.db #0x02	; 2
   02E6 02                  850 	.db #0x02	; 2
   02E7 03                  851 	.db #0x03	; 3
   02E8                     852 _g_tiles_061:
   02E8 03                  853 	.db #0x03	; 3
   02E9 02                  854 	.db #0x02	; 2
   02EA 02                  855 	.db #0x02	; 2
   02EB 03                  856 	.db #0x03	; 3
   02EC 02                  857 	.db #0x02	; 2
   02ED 03                  858 	.db #0x03	; 3
   02EE 01                  859 	.db #0x01	; 1
   02EF 01                  860 	.db #0x01	; 1
   02F0                     861 _g_tiles_062:
   02F0 00                  862 	.db #0x00	; 0
   02F1 00                  863 	.db #0x00	; 0
   02F2 00                  864 	.db #0x00	; 0
   02F3 04                  865 	.db #0x04	; 4
   02F4 00                  866 	.db #0x00	; 0
   02F5 03                  867 	.db #0x03	; 3
   02F6 01                  868 	.db #0x01	; 1
   02F7 01                  869 	.db #0x01	; 1
   02F8                     870 _g_tiles_063:
   02F8 55                  871 	.db #0x55	; 85	'U'
   02F9 AE                  872 	.db #0xae	; 174
   02FA 55                  873 	.db #0x55	; 85	'U'
   02FB FF                  874 	.db #0xff	; 255
   02FC 55                  875 	.db #0x55	; 85	'U'
   02FD FF                  876 	.db #0xff	; 255
   02FE 55                  877 	.db #0x55	; 85	'U'
   02FF 02                  878 	.db #0x02	; 2
   0300                     879 _g_tiles_064:
   0300 FF                  880 	.db #0xff	; 255
   0301 FF                  881 	.db #0xff	; 255
   0302 FF                  882 	.db #0xff	; 255
   0303 FF                  883 	.db #0xff	; 255
   0304 FF                  884 	.db #0xff	; 255
   0305 FF                  885 	.db #0xff	; 255
   0306 AB                  886 	.db #0xab	; 171
   0307 55                  887 	.db #0x55	; 85	'U'
   0308                     888 _g_tiles_065:
   0308 5D                  889 	.db #0x5d	; 93
   0309 08                  890 	.db #0x08	; 8
   030A FF                  891 	.db #0xff	; 255
   030B 08                  892 	.db #0x08	; 8
   030C FF                  893 	.db #0xff	; 255
   030D 08                  894 	.db #0x08	; 8
   030E 04                  895 	.db #0x04	; 4
   030F 08                  896 	.db #0x08	; 8
   0310                     897 _g_tiles_066:
   0310 30                  898 	.db #0x30	; 48	'0'
   0311 30                  899 	.db #0x30	; 48	'0'
   0312 30                  900 	.db #0x30	; 48	'0'
   0313 30                  901 	.db #0x30	; 48	'0'
   0314 30                  902 	.db #0x30	; 48	'0'
   0315 30                  903 	.db #0x30	; 48	'0'
   0316 30                  904 	.db #0x30	; 48	'0'
   0317 30                  905 	.db #0x30	; 48	'0'
   0318                     906 _g_tiles_067:
   0318 30                  907 	.db #0x30	; 48	'0'
   0319 30                  908 	.db #0x30	; 48	'0'
   031A 30                  909 	.db #0x30	; 48	'0'
   031B 30                  910 	.db #0x30	; 48	'0'
   031C 30                  911 	.db #0x30	; 48	'0'
   031D 30                  912 	.db #0x30	; 48	'0'
   031E 30                  913 	.db #0x30	; 48	'0'
   031F 30                  914 	.db #0x30	; 48	'0'
   0320                     915 _g_tiles_068:
   0320 30                  916 	.db #0x30	; 48	'0'
   0321 30                  917 	.db #0x30	; 48	'0'
   0322 30                  918 	.db #0x30	; 48	'0'
   0323 30                  919 	.db #0x30	; 48	'0'
   0324 30                  920 	.db #0x30	; 48	'0'
   0325 30                  921 	.db #0x30	; 48	'0'
   0326 30                  922 	.db #0x30	; 48	'0'
   0327 30                  923 	.db #0x30	; 48	'0'
   0328                     924 _g_tiles_069:
   0328 30                  925 	.db #0x30	; 48	'0'
   0329 30                  926 	.db #0x30	; 48	'0'
   032A 30                  927 	.db #0x30	; 48	'0'
   032B 30                  928 	.db #0x30	; 48	'0'
   032C 30                  929 	.db #0x30	; 48	'0'
   032D 30                  930 	.db #0x30	; 48	'0'
   032E 30                  931 	.db #0x30	; 48	'0'
   032F 30                  932 	.db #0x30	; 48	'0'
   0330                     933 _g_tiles_070:
   0330 02                  934 	.db #0x02	; 2
   0331 03                  935 	.db #0x03	; 3
   0332 52                  936 	.db #0x52	; 82	'R'
   0333 02                  937 	.db #0x02	; 2
   0334 03                  938 	.db #0x03	; 3
   0335 01                  939 	.db #0x01	; 1
   0336 01                  940 	.db #0x01	; 1
   0337 03                  941 	.db #0x03	; 3
   0338                     942 _g_tiles_071:
   0338 01                  943 	.db #0x01	; 1
   0339 03                  944 	.db #0x03	; 3
   033A 03                  945 	.db #0x03	; 3
   033B 02                  946 	.db #0x02	; 2
   033C 01                  947 	.db #0x01	; 1
   033D 02                  948 	.db #0x02	; 2
   033E 01                  949 	.db #0x01	; 1
   033F A1                  950 	.db #0xa1	; 161
   0340                     951 _g_tiles_072:
   0340 01                  952 	.db #0x01	; 1
   0341 01                  953 	.db #0x01	; 1
   0342 03                  954 	.db #0x03	; 3
   0343 02                  955 	.db #0x02	; 2
   0344 01                  956 	.db #0x01	; 1
   0345 03                  957 	.db #0x03	; 3
   0346 03                  958 	.db #0x03	; 3
   0347 03                  959 	.db #0x03	; 3
   0348                     960 _g_tiles_073:
   0348 30                  961 	.db #0x30	; 48	'0'
   0349 30                  962 	.db #0x30	; 48	'0'
   034A 30                  963 	.db #0x30	; 48	'0'
   034B 30                  964 	.db #0x30	; 48	'0'
   034C 30                  965 	.db #0x30	; 48	'0'
   034D 30                  966 	.db #0x30	; 48	'0'
   034E 30                  967 	.db #0x30	; 48	'0'
   034F 30                  968 	.db #0x30	; 48	'0'
   0350                     969 _g_tiles_074:
   0350 30                  970 	.db #0x30	; 48	'0'
   0351 30                  971 	.db #0x30	; 48	'0'
   0352 30                  972 	.db #0x30	; 48	'0'
   0353 30                  973 	.db #0x30	; 48	'0'
   0354 30                  974 	.db #0x30	; 48	'0'
   0355 30                  975 	.db #0x30	; 48	'0'
   0356 30                  976 	.db #0x30	; 48	'0'
   0357 30                  977 	.db #0x30	; 48	'0'
   0358                     978 _g_tiles_075:
   0358 30                  979 	.db #0x30	; 48	'0'
   0359 30                  980 	.db #0x30	; 48	'0'
   035A 30                  981 	.db #0x30	; 48	'0'
   035B 30                  982 	.db #0x30	; 48	'0'
   035C 30                  983 	.db #0x30	; 48	'0'
   035D 30                  984 	.db #0x30	; 48	'0'
   035E 30                  985 	.db #0x30	; 48	'0'
   035F 30                  986 	.db #0x30	; 48	'0'
   0360                     987 _g_tiles_076:
   0360 04                  988 	.db #0x04	; 4
   0361 04                  989 	.db #0x04	; 4
   0362 15                  990 	.db #0x15	; 21
   0363 15                  991 	.db #0x15	; 21
   0364 45                  992 	.db #0x45	; 69	'E'
   0365 45                  993 	.db #0x45	; 69	'E'
   0366 04                  994 	.db #0x04	; 4
   0367 04                  995 	.db #0x04	; 4
   0368                     996 _g_tiles_077:
   0368 00                  997 	.db #0x00	; 0
   0369 08                  998 	.db #0x08	; 8
   036A 04                  999 	.db #0x04	; 4
   036B 0C                 1000 	.db #0x0c	; 12
   036C 00                 1001 	.db #0x00	; 0
   036D 0C                 1002 	.db #0x0c	; 12
   036E 0C                 1003 	.db #0x0c	; 12
   036F 04                 1004 	.db #0x04	; 4
   0370                    1005 _g_tiles_078:
   0370 30                 1006 	.db #0x30	; 48	'0'
   0371 30                 1007 	.db #0x30	; 48	'0'
   0372 30                 1008 	.db #0x30	; 48	'0'
   0373 30                 1009 	.db #0x30	; 48	'0'
   0374 30                 1010 	.db #0x30	; 48	'0'
   0375 30                 1011 	.db #0x30	; 48	'0'
   0376 30                 1012 	.db #0x30	; 48	'0'
   0377 30                 1013 	.db #0x30	; 48	'0'
   0378                    1014 _g_tiles_079:
   0378 30                 1015 	.db #0x30	; 48	'0'
   0379 30                 1016 	.db #0x30	; 48	'0'
   037A 30                 1017 	.db #0x30	; 48	'0'
   037B 30                 1018 	.db #0x30	; 48	'0'
   037C 30                 1019 	.db #0x30	; 48	'0'
   037D 30                 1020 	.db #0x30	; 48	'0'
   037E 30                 1021 	.db #0x30	; 48	'0'
   037F 30                 1022 	.db #0x30	; 48	'0'
   0380                    1023 _g_tiles_080:
   0380 03                 1024 	.db #0x03	; 3
   0381 03                 1025 	.db #0x03	; 3
   0382 03                 1026 	.db #0x03	; 3
   0383 00                 1027 	.db #0x00	; 0
   0384 02                 1028 	.db #0x02	; 2
   0385 E4                 1029 	.db #0xe4	; 228
   0386 52                 1030 	.db #0x52	; 82	'R'
   0387 F0                 1031 	.db #0xf0	; 240
   0388                    1032 _g_tiles_081:
   0388 03                 1033 	.db #0x03	; 3
   0389 02                 1034 	.db #0x02	; 2
   038A 02                 1035 	.db #0x02	; 2
   038B A0                 1036 	.db #0xa0	; 160
   038C 89                 1037 	.db #0x89	; 137
   038D F0                 1038 	.db #0xf0	; 240
   038E A0                 1039 	.db #0xa0	; 160
   038F A0                 1040 	.db #0xa0	; 160
   0390                    1041 _g_tiles_082:
   0390 30                 1042 	.db #0x30	; 48	'0'
   0391 30                 1043 	.db #0x30	; 48	'0'
   0392 30                 1044 	.db #0x30	; 48	'0'
   0393 30                 1045 	.db #0x30	; 48	'0'
   0394 30                 1046 	.db #0x30	; 48	'0'
   0395 30                 1047 	.db #0x30	; 48	'0'
   0396 30                 1048 	.db #0x30	; 48	'0'
   0397 30                 1049 	.db #0x30	; 48	'0'
   0398                    1050 _g_tiles_083:
   0398 30                 1051 	.db #0x30	; 48	'0'
   0399 30                 1052 	.db #0x30	; 48	'0'
   039A 30                 1053 	.db #0x30	; 48	'0'
   039B 30                 1054 	.db #0x30	; 48	'0'
   039C 30                 1055 	.db #0x30	; 48	'0'
   039D 30                 1056 	.db #0x30	; 48	'0'
   039E 30                 1057 	.db #0x30	; 48	'0'
   039F 30                 1058 	.db #0x30	; 48	'0'
   03A0                    1059 _g_tiles_084:
   03A0 30                 1060 	.db #0x30	; 48	'0'
   03A1 30                 1061 	.db #0x30	; 48	'0'
   03A2 30                 1062 	.db #0x30	; 48	'0'
   03A3 30                 1063 	.db #0x30	; 48	'0'
   03A4 30                 1064 	.db #0x30	; 48	'0'
   03A5 30                 1065 	.db #0x30	; 48	'0'
   03A6 30                 1066 	.db #0x30	; 48	'0'
   03A7 30                 1067 	.db #0x30	; 48	'0'
   03A8                    1068 _g_tiles_085:
   03A8 30                 1069 	.db #0x30	; 48	'0'
   03A9 30                 1070 	.db #0x30	; 48	'0'
   03AA 30                 1071 	.db #0x30	; 48	'0'
   03AB 30                 1072 	.db #0x30	; 48	'0'
   03AC 30                 1073 	.db #0x30	; 48	'0'
   03AD 30                 1074 	.db #0x30	; 48	'0'
   03AE 30                 1075 	.db #0x30	; 48	'0'
   03AF 30                 1076 	.db #0x30	; 48	'0'
   03B0                    1077 _g_tiles_086:
   03B0 00                 1078 	.db #0x00	; 0
   03B1 00                 1079 	.db #0x00	; 0
   03B2 00                 1080 	.db #0x00	; 0
   03B3 04                 1081 	.db #0x04	; 4
   03B4 00                 1082 	.db #0x00	; 0
   03B5 04                 1083 	.db #0x04	; 4
   03B6 00                 1084 	.db #0x00	; 0
   03B7 04                 1085 	.db #0x04	; 4
   03B8                    1086 _g_tiles_087:
   03B8 08                 1087 	.db #0x08	; 8
   03B9 08                 1088 	.db #0x08	; 8
   03BA 04                 1089 	.db #0x04	; 4
   03BB 0C                 1090 	.db #0x0c	; 12
   03BC 04                 1091 	.db #0x04	; 4
   03BD 0C                 1092 	.db #0x0c	; 12
   03BE 08                 1093 	.db #0x08	; 8
   03BF 0C                 1094 	.db #0x0c	; 12
   03C0                    1095 _g_tiles_088:
   03C0 08                 1096 	.db #0x08	; 8
   03C1 00                 1097 	.db #0x00	; 0
   03C2 08                 1098 	.db #0x08	; 8
   03C3 00                 1099 	.db #0x00	; 0
   03C4 08                 1100 	.db #0x08	; 8
   03C5 00                 1101 	.db #0x00	; 0
   03C6 00                 1102 	.db #0x00	; 0
   03C7 00                 1103 	.db #0x00	; 0
   03C8                    1104 _g_tiles_089:
   03C8 30                 1105 	.db #0x30	; 48	'0'
   03C9 30                 1106 	.db #0x30	; 48	'0'
   03CA 30                 1107 	.db #0x30	; 48	'0'
   03CB 30                 1108 	.db #0x30	; 48	'0'
   03CC 30                 1109 	.db #0x30	; 48	'0'
   03CD 30                 1110 	.db #0x30	; 48	'0'
   03CE 30                 1111 	.db #0x30	; 48	'0'
   03CF 30                 1112 	.db #0x30	; 48	'0'
   03D0                    1113 _g_tiles_090:
   03D0 00                 1114 	.db #0x00	; 0
   03D1 F0                 1115 	.db #0xf0	; 240
   03D2 52                 1116 	.db #0x52	; 82	'R'
   03D3 02                 1117 	.db #0x02	; 2
   03D4 50                 1118 	.db #0x50	; 80	'P'
   03D5 50                 1119 	.db #0x50	; 80	'P'
   03D6 52                 1120 	.db #0x52	; 82	'R'
   03D7 54                 1121 	.db #0x54	; 84	'T'
   03D8                    1122 _g_tiles_091:
   03D8 E4                 1123 	.db #0xe4	; 228
   03D9 54                 1124 	.db #0x54	; 84	'T'
   03DA 01                 1125 	.db #0x01	; 1
   03DB 50                 1126 	.db #0x50	; 80	'P'
   03DC 88                 1127 	.db #0x88	; 136
   03DD F8                 1128 	.db #0xf8	; 248
   03DE A0                 1129 	.db #0xa0	; 160
   03DF A1                 1130 	.db #0xa1	; 161
   03E0                    1131 _g_tiles_092:
   03E0 30                 1132 	.db #0x30	; 48	'0'
   03E1 30                 1133 	.db #0x30	; 48	'0'
   03E2 30                 1134 	.db #0x30	; 48	'0'
   03E3 30                 1135 	.db #0x30	; 48	'0'
   03E4 30                 1136 	.db #0x30	; 48	'0'
   03E5 30                 1137 	.db #0x30	; 48	'0'
   03E6 30                 1138 	.db #0x30	; 48	'0'
   03E7 30                 1139 	.db #0x30	; 48	'0'
   03E8                    1140 _g_tiles_093:
   03E8 30                 1141 	.db #0x30	; 48	'0'
   03E9 30                 1142 	.db #0x30	; 48	'0'
   03EA 30                 1143 	.db #0x30	; 48	'0'
   03EB 30                 1144 	.db #0x30	; 48	'0'
   03EC 30                 1145 	.db #0x30	; 48	'0'
   03ED 30                 1146 	.db #0x30	; 48	'0'
   03EE 30                 1147 	.db #0x30	; 48	'0'
   03EF 30                 1148 	.db #0x30	; 48	'0'
   03F0                    1149 _g_tiles_094:
   03F0 30                 1150 	.db #0x30	; 48	'0'
   03F1 30                 1151 	.db #0x30	; 48	'0'
   03F2 30                 1152 	.db #0x30	; 48	'0'
   03F3 30                 1153 	.db #0x30	; 48	'0'
   03F4 30                 1154 	.db #0x30	; 48	'0'
   03F5 30                 1155 	.db #0x30	; 48	'0'
   03F6 30                 1156 	.db #0x30	; 48	'0'
   03F7 30                 1157 	.db #0x30	; 48	'0'
   03F8                    1158 _g_tiles_095:
   03F8 30                 1159 	.db #0x30	; 48	'0'
   03F9 30                 1160 	.db #0x30	; 48	'0'
   03FA 30                 1161 	.db #0x30	; 48	'0'
   03FB 30                 1162 	.db #0x30	; 48	'0'
   03FC 30                 1163 	.db #0x30	; 48	'0'
   03FD 30                 1164 	.db #0x30	; 48	'0'
   03FE 30                 1165 	.db #0x30	; 48	'0'
   03FF 30                 1166 	.db #0x30	; 48	'0'
   0400                    1167 _g_tiles_096:
   0400 00                 1168 	.db #0x00	; 0
   0401 04                 1169 	.db #0x04	; 4
   0402 00                 1170 	.db #0x00	; 0
   0403 0C                 1171 	.db #0x0c	; 12
   0404 00                 1172 	.db #0x00	; 0
   0405 0C                 1173 	.db #0x0c	; 12
   0406 04                 1174 	.db #0x04	; 4
   0407 04                 1175 	.db #0x04	; 4
   0408                    1176 _g_tiles_097:
   0408 0C                 1177 	.db #0x0c	; 12
   0409 00                 1178 	.db #0x00	; 0
   040A 0C                 1179 	.db #0x0c	; 12
   040B 04                 1180 	.db #0x04	; 4
   040C 0C                 1181 	.db #0x0c	; 12
   040D 08                 1182 	.db #0x08	; 8
   040E 0C                 1183 	.db #0x0c	; 12
   040F 08                 1184 	.db #0x08	; 8
   0410                    1185 _g_tiles_098:
   0410 0C                 1186 	.db #0x0c	; 12
   0411 00                 1187 	.db #0x00	; 0
   0412 0C                 1188 	.db #0x0c	; 12
   0413 00                 1189 	.db #0x00	; 0
   0414 0C                 1190 	.db #0x0c	; 12
   0415 08                 1191 	.db #0x08	; 8
   0416 0C                 1192 	.db #0x0c	; 12
   0417 0C                 1193 	.db #0x0c	; 12
   0418                    1194 _g_tiles_099:
   0418 00                 1195 	.db #0x00	; 0
   0419 00                 1196 	.db #0x00	; 0
   041A 08                 1197 	.db #0x08	; 8
   041B 00                 1198 	.db #0x00	; 0
   041C 0C                 1199 	.db #0x0c	; 12
   041D 00                 1200 	.db #0x00	; 0
   041E 0C                 1201 	.db #0x0c	; 12
   041F 0C                 1202 	.db #0x0c	; 12
   0420                    1203 _g_tiles_100:
   0420 A0                 1204 	.db #0xa0	; 160
   0421 F0                 1205 	.db #0xf0	; 240
   0422 A0                 1206 	.db #0xa0	; 160
   0423 F8                 1207 	.db #0xf8	; 248
   0424 02                 1208 	.db #0x02	; 2
   0425 F0                 1209 	.db #0xf0	; 240
   0426 A0                 1210 	.db #0xa0	; 160
   0427 F8                 1211 	.db #0xf8	; 248
   0428                    1212 _g_tiles_101:
   0428 E4                 1213 	.db #0xe4	; 228
   0429 50                 1214 	.db #0x50	; 80	'P'
   042A F0                 1215 	.db #0xf0	; 240
   042B 50                 1216 	.db #0x50	; 80	'P'
   042C A0                 1217 	.db #0xa0	; 160
   042D 00                 1218 	.db #0x00	; 0
   042E A0                 1219 	.db #0xa0	; 160
   042F A8                 1220 	.db #0xa8	; 168
   0430                    1221 _g_tiles_102:
   0430 30                 1222 	.db #0x30	; 48	'0'
   0431 30                 1223 	.db #0x30	; 48	'0'
   0432 30                 1224 	.db #0x30	; 48	'0'
   0433 30                 1225 	.db #0x30	; 48	'0'
   0434 30                 1226 	.db #0x30	; 48	'0'
   0435 30                 1227 	.db #0x30	; 48	'0'
   0436 30                 1228 	.db #0x30	; 48	'0'
   0437 30                 1229 	.db #0x30	; 48	'0'
   0438                    1230 _g_tiles_103:
   0438 30                 1231 	.db #0x30	; 48	'0'
   0439 30                 1232 	.db #0x30	; 48	'0'
   043A 30                 1233 	.db #0x30	; 48	'0'
   043B 30                 1234 	.db #0x30	; 48	'0'
   043C 30                 1235 	.db #0x30	; 48	'0'
   043D 30                 1236 	.db #0x30	; 48	'0'
   043E 30                 1237 	.db #0x30	; 48	'0'
   043F 30                 1238 	.db #0x30	; 48	'0'
   0440                    1239 _g_tiles_104:
   0440 30                 1240 	.db #0x30	; 48	'0'
   0441 30                 1241 	.db #0x30	; 48	'0'
   0442 30                 1242 	.db #0x30	; 48	'0'
   0443 30                 1243 	.db #0x30	; 48	'0'
   0444 30                 1244 	.db #0x30	; 48	'0'
   0445 30                 1245 	.db #0x30	; 48	'0'
   0446 30                 1246 	.db #0x30	; 48	'0'
   0447 30                 1247 	.db #0x30	; 48	'0'
   0448                    1248 _g_tiles_105:
   0448 00                 1249 	.db #0x00	; 0
   0449 00                 1250 	.db #0x00	; 0
   044A 00                 1251 	.db #0x00	; 0
   044B 00                 1252 	.db #0x00	; 0
   044C 00                 1253 	.db #0x00	; 0
   044D 04                 1254 	.db #0x04	; 4
   044E 00                 1255 	.db #0x00	; 0
   044F 0C                 1256 	.db #0x0c	; 12
   0450                    1257 _g_tiles_106:
   0450 04                 1258 	.db #0x04	; 4
   0451 04                 1259 	.db #0x04	; 4
   0452 0C                 1260 	.db #0x0c	; 12
   0453 08                 1261 	.db #0x08	; 8
   0454 0C                 1262 	.db #0x0c	; 12
   0455 08                 1263 	.db #0x08	; 8
   0456 0C                 1264 	.db #0x0c	; 12
   0457 0C                 1265 	.db #0x0c	; 12
   0458                    1266 _g_tiles_107:
   0458 0C                 1267 	.db #0x0c	; 12
   0459 04                 1268 	.db #0x04	; 4
   045A 0C                 1269 	.db #0x0c	; 12
   045B 04                 1270 	.db #0x04	; 4
   045C 08                 1271 	.db #0x08	; 8
   045D 0C                 1272 	.db #0x0c	; 12
   045E 04                 1273 	.db #0x04	; 4
   045F 0C                 1274 	.db #0x0c	; 12
   0460                    1275 _g_tiles_108:
   0460 04                 1276 	.db #0x04	; 4
   0461 0C                 1277 	.db #0x0c	; 12
   0462 08                 1278 	.db #0x08	; 8
   0463 08                 1279 	.db #0x08	; 8
   0464 08                 1280 	.db #0x08	; 8
   0465 04                 1281 	.db #0x04	; 4
   0466 08                 1282 	.db #0x08	; 8
   0467 0C                 1283 	.db #0x0c	; 12
   0468                    1284 _g_tiles_109:
   0468 00                 1285 	.db #0x00	; 0
   0469 00                 1286 	.db #0x00	; 0
   046A 00                 1287 	.db #0x00	; 0
   046B 00                 1288 	.db #0x00	; 0
   046C 08                 1289 	.db #0x08	; 8
   046D 00                 1290 	.db #0x00	; 0
   046E 08                 1291 	.db #0x08	; 8
   046F 00                 1292 	.db #0x00	; 0
   0470                    1293 _g_tiles_110:
   0470 50                 1294 	.db #0x50	; 80	'P'
   0471 F0                 1295 	.db #0xf0	; 240
   0472 50                 1296 	.db #0x50	; 80	'P'
   0473 A0                 1297 	.db #0xa0	; 160
   0474 50                 1298 	.db #0x50	; 80	'P'
   0475 50                 1299 	.db #0x50	; 80	'P'
   0476 00                 1300 	.db #0x00	; 0
   0477 14                 1301 	.db #0x14	; 20
   0478                    1302 _g_tiles_111:
   0478 54                 1303 	.db #0x54	; 84	'T'
   0479 F0                 1304 	.db #0xf0	; 240
   047A 50                 1305 	.db #0x50	; 80	'P'
   047B F0                 1306 	.db #0xf0	; 240
   047C 28                 1307 	.db #0x28	; 40
   047D F0                 1308 	.db #0xf0	; 240
   047E A0                 1309 	.db #0xa0	; 160
   047F F0                 1310 	.db #0xf0	; 240
   0480                    1311 _g_tiles_112:
   0480 50                 1312 	.db #0x50	; 80	'P'
   0481 F0                 1313 	.db #0xf0	; 240
   0482 44                 1314 	.db #0x44	; 68	'D'
   0483 A0                 1315 	.db #0xa0	; 160
   0484 44                 1316 	.db #0x44	; 68	'D'
   0485 44                 1317 	.db #0x44	; 68	'D'
   0486 00                 1318 	.db #0x00	; 0
   0487 00                 1319 	.db #0x00	; 0
   0488                    1320 _g_tiles_113:
   0488 54                 1321 	.db #0x54	; 84	'T'
   0489 F0                 1322 	.db #0xf0	; 240
   048A 50                 1323 	.db #0x50	; 80	'P'
   048B D8                 1324 	.db #0xd8	; 216
   048C 88                 1325 	.db #0x88	; 136
   048D CC                 1326 	.db #0xcc	; 204
   048E 00                 1327 	.db #0x00	; 0
   048F 00                 1328 	.db #0x00	; 0
   0490                    1329 _g_tiles_114:
   0490 30                 1330 	.db #0x30	; 48	'0'
   0491 30                 1331 	.db #0x30	; 48	'0'
   0492 30                 1332 	.db #0x30	; 48	'0'
   0493 30                 1333 	.db #0x30	; 48	'0'
   0494 30                 1334 	.db #0x30	; 48	'0'
   0495 30                 1335 	.db #0x30	; 48	'0'
   0496 30                 1336 	.db #0x30	; 48	'0'
   0497 30                 1337 	.db #0x30	; 48	'0'
   0498                    1338 _g_tiles_115:
   0498 04                 1339 	.db #0x04	; 4
   0499 0C                 1340 	.db #0x0c	; 12
   049A 04                 1341 	.db #0x04	; 4
   049B 08                 1342 	.db #0x08	; 8
   049C 04                 1343 	.db #0x04	; 4
   049D 00                 1344 	.db #0x00	; 0
   049E 0C                 1345 	.db #0x0c	; 12
   049F 00                 1346 	.db #0x00	; 0
   04A0                    1347 _g_tiles_116:
   04A0 0C                 1348 	.db #0x0c	; 12
   04A1 0C                 1349 	.db #0x0c	; 12
   04A2 0C                 1350 	.db #0x0c	; 12
   04A3 04                 1351 	.db #0x04	; 4
   04A4 08                 1352 	.db #0x08	; 8
   04A5 0C                 1353 	.db #0x0c	; 12
   04A6 08                 1354 	.db #0x08	; 8
   04A7 00                 1355 	.db #0x00	; 0
   04A8                    1356 _g_tiles_117:
   04A8 0C                 1357 	.db #0x0c	; 12
   04A9 0C                 1358 	.db #0x0c	; 12
   04AA 08                 1359 	.db #0x08	; 8
   04AB 0C                 1360 	.db #0x0c	; 12
   04AC 00                 1361 	.db #0x00	; 0
   04AD 04                 1362 	.db #0x04	; 4
   04AE 00                 1363 	.db #0x00	; 0
   04AF 00                 1364 	.db #0x00	; 0
   04B0                    1365 _g_tiles_118:
   04B0 0C                 1366 	.db #0x0c	; 12
   04B1 04                 1367 	.db #0x04	; 4
   04B2 0C                 1368 	.db #0x0c	; 12
   04B3 0C                 1369 	.db #0x0c	; 12
   04B4 08                 1370 	.db #0x08	; 8
   04B5 00                 1371 	.db #0x00	; 0
   04B6 00                 1372 	.db #0x00	; 0
   04B7 00                 1373 	.db #0x00	; 0
   04B8                    1374 _g_tiles_119:
   04B8 0C                 1375 	.db #0x0c	; 12
   04B9 00                 1376 	.db #0x00	; 0
   04BA 0C                 1377 	.db #0x0c	; 12
   04BB 08                 1378 	.db #0x08	; 8
   04BC 08                 1379 	.db #0x08	; 8
   04BD 08                 1380 	.db #0x08	; 8
   04BE 00                 1381 	.db #0x00	; 0
   04BF 04                 1382 	.db #0x04	; 4
                           1383 	.area _INITIALIZER
                           1384 	.area _CABS (ABS)
